{"/Users/ygutkina/WebstormProjects/128700-six-cities-2/src/api.js": {"path":"/Users/ygutkina/WebstormProjects/128700-six-cities-2/src/api.js","statementMap":{"0":{"start":{"line":4,"column":25},"end":{"line":23,"column":1}},"1":{"start":{"line":5,"column":14},"end":{"line":9,"column":4}},"2":{"start":{"line":11,"column":20},"end":{"line":11,"column":42}},"3":{"start":{"line":11,"column":34},"end":{"line":11,"column":42}},"4":{"start":{"line":12,"column":18},"end":{"line":18,"column":3}},"5":{"start":{"line":13,"column":4},"end":{"line":15,"column":5}},"6":{"start":{"line":14,"column":6},"end":{"line":14,"column":18}},"7":{"start":{"line":17,"column":4},"end":{"line":17,"column":31}},"8":{"start":{"line":20,"column":2},"end":{"line":20,"column":52}},"9":{"start":{"line":22,"column":2},"end":{"line":22,"column":13}}},"fnMap":{"0":{"name":"(anonymous_0)","decl":{"start":{"line":4,"column":25},"end":{"line":4,"column":26}},"loc":{"start":{"line":4,"column":40},"end":{"line":23,"column":1}},"line":4},"1":{"name":"(anonymous_1)","decl":{"start":{"line":11,"column":20},"end":{"line":11,"column":21}},"loc":{"start":{"line":11,"column":34},"end":{"line":11,"column":42}},"line":11},"2":{"name":"(anonymous_2)","decl":{"start":{"line":12,"column":18},"end":{"line":12,"column":19}},"loc":{"start":{"line":12,"column":27},"end":{"line":18,"column":3}},"line":12}},"branchMap":{"0":{"loc":{"start":{"line":13,"column":4},"end":{"line":15,"column":5}},"type":"if","locations":[{"start":{"line":13,"column":4},"end":{"line":15,"column":5}},{"start":{"line":13,"column":4},"end":{"line":15,"column":5}}],"line":13},"1":{"loc":{"start":{"line":13,"column":8},"end":{"line":13,"column":53}},"type":"binary-expr","locations":[{"start":{"line":13,"column":8},"end":{"line":13,"column":20}},{"start":{"line":13,"column":25},"end":{"line":13,"column":52}}],"line":13}},"s":{"0":1,"1":2,"2":2,"3":2,"4":2,"5":0,"6":0,"7":0,"8":2,"9":2},"f":{"0":2,"1":2,"2":0},"b":{"0":[0,0],"1":[0,0]},"_coverageSchema":"43e27e138ebf9cfc5966b082cf9a028302ed4184","hash":"2f31fc95adeeb99aab5f82f63a7ee705a2da61cb"}
,"/Users/ygutkina/WebstormProjects/128700-six-cities-2/src/components/app/app.jsx": {"path":"/Users/ygutkina/WebstormProjects/128700-six-cities-2/src/components/app/app.jsx","statementMap":{"0":{"start":{"line":13,"column":21},"end":{"line":13,"column":47}},"1":{"start":{"line":15,"column":19},"end":{"line":24,"column":1}},"2":{"start":{"line":16,"column":2},"end":{"line":23,"column":4}},"3":{"start":{"line":26,"column":0},"end":{"line":26,"column":19}}},"fnMap":{"0":{"name":"(anonymous_0)","decl":{"start":{"line":15,"column":19},"end":{"line":15,"column":20}},"loc":{"start":{"line":15,"column":25},"end":{"line":24,"column":1}},"line":15}},"branchMap":{},"s":{"0":1,"1":1,"2":1,"3":1},"f":{"0":1},"b":{},"_coverageSchema":"43e27e138ebf9cfc5966b082cf9a028302ed4184","hash":"eb90b4fadfde818ba8c9f3cd3f1e14fc56cbcaca"}
,"/Users/ygutkina/WebstormProjects/128700-six-cities-2/src/components/bookmark/bookmark.jsx": {"path":"/Users/ygutkina/WebstormProjects/128700-six-cities-2/src/components/bookmark/bookmark.jsx","statementMap":{"0":{"start":{"line":15,"column":4},"end":{"line":15,"column":17}},"1":{"start":{"line":17,"column":4},"end":{"line":17,"column":69}},"2":{"start":{"line":21,"column":55},"end":{"line":21,"column":65}},"3":{"start":{"line":23,"column":4},"end":{"line":40,"column":14}},"4":{"start":{"line":44,"column":56},"end":{"line":44,"column":66}},"5":{"start":{"line":46,"column":4},"end":{"line":49,"column":5}},"6":{"start":{"line":47,"column":6},"end":{"line":47,"column":29}},"7":{"start":{"line":48,"column":6},"end":{"line":48,"column":13}},"8":{"start":{"line":51,"column":4},"end":{"line":51,"column":27}},"9":{"start":{"line":55,"column":0},"end":{"line":64,"column":2}},"10":{"start":{"line":66,"column":24},"end":{"line":69,"column":2}},"11":{"start":{"line":66,"column":45},"end":{"line":69,"column":2}},"12":{"start":{"line":71,"column":27},"end":{"line":75,"column":2}},"13":{"start":{"line":71,"column":42},"end":{"line":75,"column":1}},"14":{"start":{"line":73,"column":4},"end":{"line":73,"column":52}}},"fnMap":{"0":{"name":"(anonymous_0)","decl":{"start":{"line":14,"column":2},"end":{"line":14,"column":3}},"loc":{"start":{"line":14,"column":21},"end":{"line":18,"column":3}},"line":14},"1":{"name":"(anonymous_1)","decl":{"start":{"line":20,"column":2},"end":{"line":20,"column":3}},"loc":{"start":{"line":20,"column":11},"end":{"line":41,"column":3}},"line":20},"2":{"name":"(anonymous_2)","decl":{"start":{"line":43,"column":2},"end":{"line":43,"column":3}},"loc":{"start":{"line":43,"column":25},"end":{"line":52,"column":3}},"line":43},"3":{"name":"(anonymous_3)","decl":{"start":{"line":66,"column":24},"end":{"line":66,"column":25}},"loc":{"start":{"line":66,"column":45},"end":{"line":69,"column":2}},"line":66},"4":{"name":"(anonymous_4)","decl":{"start":{"line":71,"column":27},"end":{"line":71,"column":28}},"loc":{"start":{"line":71,"column":42},"end":{"line":75,"column":1}},"line":71},"5":{"name":"(anonymous_5)","decl":{"start":{"line":72,"column":19},"end":{"line":72,"column":20}},"loc":{"start":{"line":72,"column":30},"end":{"line":74,"column":3}},"line":72}},"branchMap":{"0":{"loc":{"start":{"line":27,"column":10},"end":{"line":27,"column":58}},"type":"cond-expr","locations":[{"start":{"line":27,"column":29},"end":{"line":27,"column":51}},{"start":{"line":27,"column":54},"end":{"line":27,"column":58}}],"line":27},"1":{"loc":{"start":{"line":34,"column":15},"end":{"line":34,"column":32}},"type":"cond-expr","locations":[{"start":{"line":34,"column":25},"end":{"line":34,"column":27}},{"start":{"line":34,"column":30},"end":{"line":34,"column":32}}],"line":34},"2":{"loc":{"start":{"line":35,"column":16},"end":{"line":35,"column":33}},"type":"cond-expr","locations":[{"start":{"line":35,"column":26},"end":{"line":35,"column":28}},{"start":{"line":35,"column":31},"end":{"line":35,"column":33}}],"line":35},"3":{"loc":{"start":{"line":46,"column":4},"end":{"line":49,"column":5}},"type":"if","locations":[{"start":{"line":46,"column":4},"end":{"line":49,"column":5}},{"start":{"line":46,"column":4},"end":{"line":49,"column":5}}],"line":46}},"s":{"0":1,"1":1,"2":1,"3":1,"4":0,"5":0,"6":0,"7":0,"8":0,"9":9,"10":9,"11":0,"12":9,"13":0,"14":0},"f":{"0":1,"1":1,"2":0,"3":0,"4":0,"5":0},"b":{"0":[0,1],"1":[0,1],"2":[0,1],"3":[0,0]},"_coverageSchema":"43e27e138ebf9cfc5966b082cf9a028302ed4184","hash":"44502e83648f521727ee23d997bb8f6a7e235915"}
,"/Users/ygutkina/WebstormProjects/128700-six-cities-2/src/components/city-map/city-map.jsx": {"path":"/Users/ygutkina/WebstormProjects/128700-six-cities-2/src/components/city-map/city-map.jsx","statementMap":{"0":{"start":{"line":12,"column":4},"end":{"line":12,"column":17}},"1":{"start":{"line":14,"column":4},"end":{"line":14,"column":31}},"2":{"start":{"line":15,"column":4},"end":{"line":15,"column":21}},"3":{"start":{"line":16,"column":4},"end":{"line":25,"column":6}},"4":{"start":{"line":27,"column":4},"end":{"line":27,"column":45}},"5":{"start":{"line":28,"column":4},"end":{"line":28,"column":53}},"6":{"start":{"line":29,"column":4},"end":{"line":29,"column":51}},"7":{"start":{"line":30,"column":4},"end":{"line":30,"column":57}},"8":{"start":{"line":34,"column":24},"end":{"line":34,"column":34}},"9":{"start":{"line":36,"column":4},"end":{"line":42,"column":7}},"10":{"start":{"line":46,"column":4},"end":{"line":46,"column":20}},"11":{"start":{"line":47,"column":4},"end":{"line":47,"column":23}},"12":{"start":{"line":48,"column":4},"end":{"line":48,"column":26}},"13":{"start":{"line":52,"column":4},"end":{"line":52,"column":23}},"14":{"start":{"line":53,"column":4},"end":{"line":53,"column":26}},"15":{"start":{"line":57,"column":32},"end":{"line":57,"column":42}},"16":{"start":{"line":58,"column":38},"end":{"line":58,"column":53}},"17":{"start":{"line":60,"column":4},"end":{"line":69,"column":7}},"18":{"start":{"line":61,"column":25},"end":{"line":64,"column":7}},"19":{"start":{"line":65,"column":19},"end":{"line":65,"column":87}},"20":{"start":{"line":66,"column":6},"end":{"line":68,"column":26}},"21":{"start":{"line":73,"column":30},"end":{"line":73,"column":40}},"22":{"start":{"line":75,"column":4},"end":{"line":75,"column":27}},"23":{"start":{"line":79,"column":21},"end":{"line":79,"column":40}},"24":{"start":{"line":81,"column":4},"end":{"line":86,"column":7}},"25":{"start":{"line":90,"column":21},"end":{"line":90,"column":40}},"26":{"start":{"line":92,"column":4},"end":{"line":92,"column":78}},"27":{"start":{"line":93,"column":4},"end":{"line":97,"column":24}},"28":{"start":{"line":101,"column":0},"end":{"line":106,"column":2}}},"fnMap":{"0":{"name":"(anonymous_0)","decl":{"start":{"line":11,"column":2},"end":{"line":11,"column":3}},"loc":{"start":{"line":11,"column":21},"end":{"line":31,"column":3}},"line":11},"1":{"name":"(anonymous_1)","decl":{"start":{"line":33,"column":2},"end":{"line":33,"column":3}},"loc":{"start":{"line":33,"column":11},"end":{"line":43,"column":3}},"line":33},"2":{"name":"(anonymous_2)","decl":{"start":{"line":45,"column":2},"end":{"line":45,"column":3}},"loc":{"start":{"line":45,"column":22},"end":{"line":49,"column":3}},"line":45},"3":{"name":"(anonymous_3)","decl":{"start":{"line":51,"column":2},"end":{"line":51,"column":3}},"loc":{"start":{"line":51,"column":23},"end":{"line":54,"column":3}},"line":51},"4":{"name":"(anonymous_4)","decl":{"start":{"line":56,"column":2},"end":{"line":56,"column":3}},"loc":{"start":{"line":56,"column":19},"end":{"line":70,"column":3}},"line":56},"5":{"name":"(anonymous_5)","decl":{"start":{"line":60,"column":18},"end":{"line":60,"column":19}},"loc":{"start":{"line":60,"column":28},"end":{"line":69,"column":5}},"line":60},"6":{"name":"(anonymous_6)","decl":{"start":{"line":72,"column":2},"end":{"line":72,"column":3}},"loc":{"start":{"line":72,"column":17},"end":{"line":76,"column":3}},"line":72},"7":{"name":"(anonymous_7)","decl":{"start":{"line":78,"column":2},"end":{"line":78,"column":3}},"loc":{"start":{"line":78,"column":13},"end":{"line":87,"column":3}},"line":78},"8":{"name":"(anonymous_8)","decl":{"start":{"line":89,"column":2},"end":{"line":89,"column":3}},"loc":{"start":{"line":89,"column":16},"end":{"line":98,"column":3}},"line":89}},"branchMap":{"0":{"loc":{"start":{"line":65,"column":19},"end":{"line":65,"column":87}},"type":"cond-expr","locations":[{"start":{"line":65,"column":63},"end":{"line":65,"column":73}},{"start":{"line":65,"column":76},"end":{"line":65,"column":87}}],"line":65},"1":{"loc":{"start":{"line":65,"column":20},"end":{"line":65,"column":59}},"type":"binary-expr","locations":[{"start":{"line":65,"column":20},"end":{"line":65,"column":30}},{"start":{"line":65,"column":34},"end":{"line":65,"column":59}}],"line":65}},"s":{"0":1,"1":1,"2":1,"3":1,"4":1,"5":1,"6":1,"7":1,"8":1,"9":1,"10":0,"11":0,"12":0,"13":0,"14":0,"15":0,"16":0,"17":0,"18":0,"19":0,"20":0,"21":0,"22":0,"23":0,"24":0,"25":0,"26":0,"27":0,"28":4},"f":{"0":1,"1":1,"2":0,"3":0,"4":0,"5":0,"6":0,"7":0,"8":0},"b":{"0":[0,0],"1":[0,0]},"_coverageSchema":"43e27e138ebf9cfc5966b082cf9a028302ed4184","hash":"27f95ee290bcf1426a555383d1a2e2df1b7412f8"}
,"/Users/ygutkina/WebstormProjects/128700-six-cities-2/src/components/favorites/favorites.jsx": {"path":"/Users/ygutkina/WebstormProjects/128700-six-cities-2/src/components/favorites/favorites.jsx","statementMap":{"0":{"start":{"line":14,"column":18},"end":{"line":68,"column":1}},"1":{"start":{"line":15,"column":21},"end":{"line":15,"column":26}},"2":{"start":{"line":17,"column":2},"end":{"line":67,"column":9}},"3":{"start":{"line":30,"column":43},"end":{"line":47,"column":19}},"4":{"start":{"line":70,"column":0},"end":{"line":78,"column":2}},"5":{"start":{"line":80,"column":24},"end":{"line":83,"column":2}},"6":{"start":{"line":80,"column":45},"end":{"line":83,"column":2}}},"fnMap":{"0":{"name":"(anonymous_0)","decl":{"start":{"line":14,"column":18},"end":{"line":14,"column":19}},"loc":{"start":{"line":14,"column":29},"end":{"line":68,"column":1}},"line":14},"1":{"name":"(anonymous_1)","decl":{"start":{"line":30,"column":28},"end":{"line":30,"column":29}},"loc":{"start":{"line":30,"column":43},"end":{"line":47,"column":19}},"line":30},"2":{"name":"(anonymous_2)","decl":{"start":{"line":80,"column":24},"end":{"line":80,"column":25}},"loc":{"start":{"line":80,"column":45},"end":{"line":83,"column":2}},"line":80}},"branchMap":{"0":{"loc":{"start":{"line":26,"column":9},"end":{"line":58,"column":20}},"type":"cond-expr","locations":[{"start":{"line":27,"column":10},"end":{"line":50,"column":20}},{"start":{"line":52,"column":10},"end":{"line":58,"column":20}}],"line":26}},"s":{"0":2,"1":1,"2":1,"3":1,"4":2,"5":2,"6":0},"f":{"0":1,"1":1,"2":0},"b":{"0":[1,0]},"_coverageSchema":"43e27e138ebf9cfc5966b082cf9a028302ed4184","hash":"b83a88e1a8f5a82efc67319114bd41a5fa0ae51e"}
,"/Users/ygutkina/WebstormProjects/128700-six-cities-2/src/components/header/header.jsx": {"path":"/Users/ygutkina/WebstormProjects/128700-six-cities-2/src/components/header/header.jsx","statementMap":{"0":{"start":{"line":9,"column":15},"end":{"line":49,"column":1}},"1":{"start":{"line":10,"column":21},"end":{"line":10,"column":26}},"2":{"start":{"line":12,"column":2},"end":{"line":48,"column":12}},"3":{"start":{"line":51,"column":0},"end":{"line":53,"column":2}},"4":{"start":{"line":55,"column":24},"end":{"line":57,"column":2}},"5":{"start":{"line":55,"column":45},"end":{"line":57,"column":2}}},"fnMap":{"0":{"name":"(anonymous_0)","decl":{"start":{"line":9,"column":15},"end":{"line":9,"column":16}},"loc":{"start":{"line":9,"column":26},"end":{"line":49,"column":1}},"line":9},"1":{"name":"(anonymous_1)","decl":{"start":{"line":55,"column":24},"end":{"line":55,"column":25}},"loc":{"start":{"line":55,"column":45},"end":{"line":57,"column":2}},"line":55}},"branchMap":{"0":{"loc":{"start":{"line":25,"column":20},"end":{"line":25,"column":55}},"type":"cond-expr","locations":[{"start":{"line":25,"column":32},"end":{"line":25,"column":40}},{"start":{"line":25,"column":43},"end":{"line":25,"column":55}}],"line":25},"1":{"loc":{"start":{"line":28,"column":19},"end":{"line":35,"column":20}},"type":"binary-expr","locations":[{"start":{"line":28,"column":19},"end":{"line":28,"column":27}},{"start":{"line":29,"column":18},"end":{"line":35,"column":20}}],"line":28},"2":{"loc":{"start":{"line":38,"column":17},"end":{"line":40,"column":88}},"type":"cond-expr","locations":[{"start":{"line":39,"column":18},"end":{"line":39,"column":64}},{"start":{"line":40,"column":18},"end":{"line":40,"column":88}}],"line":38}},"s":{"0":6,"1":1,"2":1,"3":6,"4":6,"5":0},"f":{"0":1,"1":0},"b":{"0":[0,1],"1":[1,1],"2":[0,1]},"_coverageSchema":"43e27e138ebf9cfc5966b082cf9a028302ed4184","hash":"13a8641c2dfd8536165001d13e61f197aa77df88"}
,"/Users/ygutkina/WebstormProjects/128700-six-cities-2/src/components/locations/locations.jsx": {"path":"/Users/ygutkina/WebstormProjects/128700-six-cities-2/src/components/locations/locations.jsx","statementMap":{"0":{"start":{"line":11,"column":18},"end":{"line":36,"column":1}},"1":{"start":{"line":12,"column":48},"end":{"line":12,"column":53}},"2":{"start":{"line":14,"column":2},"end":{"line":35,"column":9}},"3":{"start":{"line":17,"column":34},"end":{"line":32,"column":13}},"4":{"start":{"line":27,"column":14},"end":{"line":27,"column":36}},"5":{"start":{"line":38,"column":0},"end":{"line":42,"column":2}},"6":{"start":{"line":44,"column":24},"end":{"line":46,"column":2}},"7":{"start":{"line":44,"column":45},"end":{"line":46,"column":2}},"8":{"start":{"line":48,"column":27},"end":{"line":52,"column":2}},"9":{"start":{"line":48,"column":42},"end":{"line":52,"column":1}},"10":{"start":{"line":50,"column":4},"end":{"line":50,"column":45}}},"fnMap":{"0":{"name":"(anonymous_0)","decl":{"start":{"line":11,"column":18},"end":{"line":11,"column":19}},"loc":{"start":{"line":11,"column":29},"end":{"line":36,"column":1}},"line":11},"1":{"name":"(anonymous_1)","decl":{"start":{"line":17,"column":24},"end":{"line":17,"column":25}},"loc":{"start":{"line":17,"column":34},"end":{"line":32,"column":13}},"line":17},"2":{"name":"(anonymous_2)","decl":{"start":{"line":26,"column":21},"end":{"line":26,"column":22}},"loc":{"start":{"line":26,"column":27},"end":{"line":28,"column":13}},"line":26},"3":{"name":"(anonymous_3)","decl":{"start":{"line":44,"column":24},"end":{"line":44,"column":25}},"loc":{"start":{"line":44,"column":45},"end":{"line":46,"column":2}},"line":44},"4":{"name":"(anonymous_4)","decl":{"start":{"line":48,"column":27},"end":{"line":48,"column":28}},"loc":{"start":{"line":48,"column":42},"end":{"line":52,"column":1}},"line":48},"5":{"name":"(anonymous_5)","decl":{"start":{"line":49,"column":14},"end":{"line":49,"column":15}},"loc":{"start":{"line":49,"column":24},"end":{"line":51,"column":3}},"line":49}},"branchMap":{},"s":{"0":3,"1":1,"2":1,"3":0,"4":0,"5":3,"6":3,"7":0,"8":3,"9":0,"10":0},"f":{"0":1,"1":0,"2":0,"3":0,"4":0,"5":0},"b":{},"_coverageSchema":"43e27e138ebf9cfc5966b082cf9a028302ed4184","hash":"aca22e5bc461f0a4d0c5a93552ed3c2115b3adca"}
,"/Users/ygutkina/WebstormProjects/128700-six-cities-2/src/components/login/login.jsx": {"path":"/Users/ygutkina/WebstormProjects/128700-six-cities-2/src/components/login/login.jsx","statementMap":{"0":{"start":{"line":11,"column":14},"end":{"line":62,"column":1}},"1":{"start":{"line":12,"column":46},"end":{"line":12,"column":51}},"2":{"start":{"line":13,"column":19},"end":{"line":13,"column":40}},"3":{"start":{"line":15,"column":2},"end":{"line":61,"column":9}},"4":{"start":{"line":64,"column":0},"end":{"line":68,"column":2}},"5":{"start":{"line":70,"column":24},"end":{"line":72,"column":2}},"6":{"start":{"line":70,"column":45},"end":{"line":72,"column":2}}},"fnMap":{"0":{"name":"(anonymous_0)","decl":{"start":{"line":11,"column":14},"end":{"line":11,"column":15}},"loc":{"start":{"line":11,"column":25},"end":{"line":62,"column":1}},"line":11},"1":{"name":"(anonymous_1)","decl":{"start":{"line":70,"column":24},"end":{"line":70,"column":25}},"loc":{"start":{"line":70,"column":45},"end":{"line":72,"column":2}},"line":70}},"branchMap":{"0":{"loc":{"start":{"line":13,"column":19},"end":{"line":13,"column":40}},"type":"cond-expr","locations":[{"start":{"line":13,"column":26},"end":{"line":13,"column":35}},{"start":{"line":13,"column":38},"end":{"line":13,"column":40}}],"line":13}},"s":{"0":2,"1":1,"2":1,"3":1,"4":2,"5":2,"6":0},"f":{"0":1,"1":0},"b":{"0":[1,0]},"_coverageSchema":"43e27e138ebf9cfc5966b082cf9a028302ed4184","hash":"d98685360b9aaf7bf155098893a5a9d92657909b"}
,"/Users/ygutkina/WebstormProjects/128700-six-cities-2/src/components/main-page/main-page.jsx": {"path":"/Users/ygutkina/WebstormProjects/128700-six-cities-2/src/components/main-page/main-page.jsx","statementMap":{"0":{"start":{"line":19,"column":17},"end":{"line":70,"column":1}},"1":{"start":{"line":20,"column":42},"end":{"line":20,"column":47}},"2":{"start":{"line":21,"column":19},"end":{"line":21,"column":40}},"3":{"start":{"line":23,"column":2},"end":{"line":69,"column":9}},"4":{"start":{"line":72,"column":0},"end":{"line":77,"column":2}},"5":{"start":{"line":79,"column":24},"end":{"line":83,"column":2}},"6":{"start":{"line":79,"column":45},"end":{"line":83,"column":2}}},"fnMap":{"0":{"name":"(anonymous_0)","decl":{"start":{"line":19,"column":17},"end":{"line":19,"column":18}},"loc":{"start":{"line":19,"column":28},"end":{"line":70,"column":1}},"line":19},"1":{"name":"(anonymous_1)","decl":{"start":{"line":79,"column":24},"end":{"line":79,"column":25}},"loc":{"start":{"line":79,"column":45},"end":{"line":83,"column":2}},"line":79}},"branchMap":{"0":{"loc":{"start":{"line":21,"column":19},"end":{"line":21,"column":40}},"type":"cond-expr","locations":[{"start":{"line":21,"column":26},"end":{"line":21,"column":35}},{"start":{"line":21,"column":38},"end":{"line":21,"column":40}}],"line":21},"1":{"loc":{"start":{"line":33,"column":9},"end":{"line":65,"column":16}},"type":"cond-expr","locations":[{"start":{"line":34,"column":10},"end":{"line":56,"column":16}},{"start":{"line":57,"column":10},"end":{"line":65,"column":16}}],"line":33}},"s":{"0":2,"1":1,"2":1,"3":1,"4":2,"5":2,"6":0},"f":{"0":1,"1":0},"b":{"0":[1,0],"1":[1,0]},"_coverageSchema":"43e27e138ebf9cfc5966b082cf9a028302ed4184","hash":"53328f307428ee1d7666f2f2e49c83450227a567"}
,"/Users/ygutkina/WebstormProjects/128700-six-cities-2/src/components/offer/offer.jsx": {"path":"/Users/ygutkina/WebstormProjects/128700-six-cities-2/src/components/offer/offer.jsx","statementMap":{"0":{"start":{"line":24,"column":26},"end":{"line":24,"column":58}},"1":{"start":{"line":28,"column":4},"end":{"line":28,"column":17}},"2":{"start":{"line":32,"column":63},"end":{"line":32,"column":73}},"3":{"start":{"line":34,"column":4},"end":{"line":161,"column":11}},"4":{"start":{"line":42,"column":18},"end":{"line":47,"column":24}},"5":{"start":{"line":94,"column":22},"end":{"line":96,"column":27}},"6":{"start":{"line":165,"column":36},"end":{"line":165,"column":46}},"7":{"start":{"line":167,"column":4},"end":{"line":167,"column":36}},"8":{"start":{"line":171,"column":0},"end":{"line":178,"column":2}},"9":{"start":{"line":180,"column":24},"end":{"line":185,"column":2}},"10":{"start":{"line":180,"column":45},"end":{"line":185,"column":2}},"11":{"start":{"line":187,"column":27},"end":{"line":191,"column":2}},"12":{"start":{"line":187,"column":42},"end":{"line":191,"column":1}},"13":{"start":{"line":189,"column":4},"end":{"line":189,"column":46}}},"fnMap":{"0":{"name":"(anonymous_0)","decl":{"start":{"line":27,"column":2},"end":{"line":27,"column":3}},"loc":{"start":{"line":27,"column":21},"end":{"line":29,"column":3}},"line":27},"1":{"name":"(anonymous_1)","decl":{"start":{"line":31,"column":2},"end":{"line":31,"column":3}},"loc":{"start":{"line":31,"column":11},"end":{"line":162,"column":3}},"line":31},"2":{"name":"(anonymous_2)","decl":{"start":{"line":41,"column":50},"end":{"line":41,"column":51}},"loc":{"start":{"line":42,"column":18},"end":{"line":47,"column":24}},"line":42},"3":{"name":"(anonymous_3)","decl":{"start":{"line":93,"column":41},"end":{"line":93,"column":42}},"loc":{"start":{"line":94,"column":22},"end":{"line":96,"column":27}},"line":94},"4":{"name":"(anonymous_4)","decl":{"start":{"line":164,"column":2},"end":{"line":164,"column":3}},"loc":{"start":{"line":164,"column":22},"end":{"line":168,"column":3}},"line":164},"5":{"name":"(anonymous_5)","decl":{"start":{"line":180,"column":24},"end":{"line":180,"column":25}},"loc":{"start":{"line":180,"column":45},"end":{"line":185,"column":2}},"line":180},"6":{"name":"(anonymous_6)","decl":{"start":{"line":187,"column":27},"end":{"line":187,"column":28}},"loc":{"start":{"line":187,"column":42},"end":{"line":191,"column":1}},"line":187},"7":{"name":"(anonymous_7)","decl":{"start":{"line":188,"column":18},"end":{"line":188,"column":19}},"loc":{"start":{"line":188,"column":31},"end":{"line":190,"column":3}},"line":188}},"branchMap":{"0":{"loc":{"start":{"line":32,"column":46},"end":{"line":32,"column":59}},"type":"default-arg","locations":[{"start":{"line":32,"column":57},"end":{"line":32,"column":59}}],"line":32},"1":{"loc":{"start":{"line":36,"column":7},"end":{"line":159,"column":15}},"type":"binary-expr","locations":[{"start":{"line":36,"column":7},"end":{"line":36,"column":16}},{"start":{"line":37,"column":8},"end":{"line":159,"column":15}}],"line":36},"2":{"loc":{"start":{"line":53,"column":17},"end":{"line":56,"column":24}},"type":"binary-expr","locations":[{"start":{"line":53,"column":17},"end":{"line":53,"column":36}},{"start":{"line":54,"column":18},"end":{"line":56,"column":24}}],"line":53},"3":{"loc":{"start":{"line":117,"column":21},"end":{"line":120,"column":27}},"type":"binary-expr","locations":[{"start":{"line":117,"column":21},"end":{"line":117,"column":41}},{"start":{"line":118,"column":20},"end":{"line":120,"column":27}}],"line":117},"4":{"loc":{"start":{"line":131,"column":19},"end":{"line":134,"column":22}},"type":"binary-expr","locations":[{"start":{"line":131,"column":19},"end":{"line":131,"column":27}},{"start":{"line":132,"column":20},"end":{"line":134,"column":22}}],"line":131}},"s":{"0":2,"1":1,"2":1,"3":1,"4":2,"5":6,"6":0,"7":0,"8":2,"9":2,"10":0,"11":2,"12":0,"13":0},"f":{"0":1,"1":1,"2":2,"3":6,"4":0,"5":0,"6":0,"7":0},"b":{"0":[0],"1":[1,1],"2":[1,0],"3":[1,1],"4":[1,0]},"_coverageSchema":"43e27e138ebf9cfc5966b082cf9a028302ed4184","hash":"9b036ee10e370591f4b6e228779cc8d69b94ba3c"}
,"/Users/ygutkina/WebstormProjects/128700-six-cities-2/src/components/offer-card/offer-card.jsx": {"path":"/Users/ygutkina/WebstormProjects/128700-six-cities-2/src/components/offer-card/offer-card.jsx","statementMap":{"0":{"start":{"line":13,"column":4},"end":{"line":13,"column":17}},"1":{"start":{"line":17,"column":122},"end":{"line":17,"column":132}},"2":{"start":{"line":19,"column":4},"end":{"line":60,"column":15}},"3":{"start":{"line":22,"column":8},"end":{"line":22,"column":23}},"4":{"start":{"line":25,"column":8},"end":{"line":25,"column":22}},"5":{"start":{"line":64,"column":0},"end":{"line":72,"column":2}}},"fnMap":{"0":{"name":"(anonymous_0)","decl":{"start":{"line":12,"column":2},"end":{"line":12,"column":3}},"loc":{"start":{"line":12,"column":21},"end":{"line":14,"column":3}},"line":12},"1":{"name":"(anonymous_1)","decl":{"start":{"line":16,"column":2},"end":{"line":16,"column":3}},"loc":{"start":{"line":16,"column":11},"end":{"line":61,"column":3}},"line":16},"2":{"name":"(anonymous_2)","decl":{"start":{"line":17,"column":28},"end":{"line":17,"column":29}},"loc":{"start":{"line":17,"column":34},"end":{"line":17,"column":36}},"line":17},"3":{"name":"(anonymous_3)","decl":{"start":{"line":21,"column":20},"end":{"line":21,"column":21}},"loc":{"start":{"line":21,"column":26},"end":{"line":23,"column":7}},"line":21},"4":{"name":"(anonymous_4)","decl":{"start":{"line":24,"column":20},"end":{"line":24,"column":21}},"loc":{"start":{"line":24,"column":26},"end":{"line":26,"column":7}},"line":24}},"branchMap":{"0":{"loc":{"start":{"line":17,"column":18},"end":{"line":17,"column":36}},"type":"default-arg","locations":[{"start":{"line":17,"column":28},"end":{"line":17,"column":36}}],"line":17},"1":{"loc":{"start":{"line":28,"column":7},"end":{"line":31,"column":12}},"type":"binary-expr","locations":[{"start":{"line":28,"column":7},"end":{"line":28,"column":22}},{"start":{"line":29,"column":6},"end":{"line":31,"column":12}}],"line":28}},"s":{"0":3,"1":3,"2":3,"3":1,"4":0,"5":8},"f":{"0":3,"1":3,"2":0,"3":1,"4":0},"b":{"0":[0],"1":[3,0]},"_coverageSchema":"43e27e138ebf9cfc5966b082cf9a028302ed4184","hash":"c473f6daad108e0ba0b1f46919040c6f53ee2def"}
,"/Users/ygutkina/WebstormProjects/128700-six-cities-2/src/components/offers-list/offers-list.jsx": {"path":"/Users/ygutkina/WebstormProjects/128700-six-cities-2/src/components/offers-list/offers-list.jsx","statementMap":{"0":{"start":{"line":12,"column":4},"end":{"line":12,"column":17}},"1":{"start":{"line":16,"column":143},"end":{"line":16,"column":153}},"2":{"start":{"line":18,"column":4},"end":{"line":31,"column":11}},"3":{"start":{"line":19,"column":29},"end":{"line":30,"column":8}},"4":{"start":{"line":28,"column":10},"end":{"line":28,"column":33}},"5":{"start":{"line":35,"column":42},"end":{"line":35,"column":52}},"6":{"start":{"line":37,"column":4},"end":{"line":37,"column":27}},"7":{"start":{"line":41,"column":0},"end":{"line":50,"column":2}},"8":{"start":{"line":52,"column":27},"end":{"line":56,"column":2}},"9":{"start":{"line":52,"column":42},"end":{"line":56,"column":1}},"10":{"start":{"line":54,"column":4},"end":{"line":54,"column":49}}},"fnMap":{"0":{"name":"(anonymous_0)","decl":{"start":{"line":11,"column":2},"end":{"line":11,"column":3}},"loc":{"start":{"line":11,"column":21},"end":{"line":13,"column":3}},"line":11},"1":{"name":"(anonymous_1)","decl":{"start":{"line":15,"column":2},"end":{"line":15,"column":3}},"loc":{"start":{"line":15,"column":11},"end":{"line":32,"column":3}},"line":15},"2":{"name":"(anonymous_2)","decl":{"start":{"line":16,"column":131},"end":{"line":16,"column":132}},"loc":{"start":{"line":16,"column":137},"end":{"line":16,"column":139}},"line":16},"3":{"name":"(anonymous_3)","decl":{"start":{"line":19,"column":18},"end":{"line":19,"column":19}},"loc":{"start":{"line":19,"column":29},"end":{"line":30,"column":8}},"line":19},"4":{"name":"(anonymous_4)","decl":{"start":{"line":27,"column":17},"end":{"line":27,"column":18}},"loc":{"start":{"line":27,"column":27},"end":{"line":29,"column":9}},"line":27},"5":{"name":"(anonymous_5)","decl":{"start":{"line":34,"column":2},"end":{"line":34,"column":3}},"loc":{"start":{"line":34,"column":25},"end":{"line":38,"column":3}},"line":34},"6":{"name":"(anonymous_6)","decl":{"start":{"line":35,"column":30},"end":{"line":35,"column":31}},"loc":{"start":{"line":35,"column":36},"end":{"line":35,"column":38}},"line":35},"7":{"name":"(anonymous_7)","decl":{"start":{"line":52,"column":27},"end":{"line":52,"column":28}},"loc":{"start":{"line":52,"column":42},"end":{"line":56,"column":1}},"line":52},"8":{"name":"(anonymous_8)","decl":{"start":{"line":53,"column":20},"end":{"line":53,"column":21}},"loc":{"start":{"line":53,"column":30},"end":{"line":55,"column":3}},"line":53}},"branchMap":{"0":{"loc":{"start":{"line":16,"column":112},"end":{"line":16,"column":139}},"type":"default-arg","locations":[{"start":{"line":16,"column":131},"end":{"line":16,"column":139}}],"line":16},"1":{"loc":{"start":{"line":35,"column":11},"end":{"line":35,"column":38}},"type":"default-arg","locations":[{"start":{"line":35,"column":30},"end":{"line":35,"column":38}}],"line":35}},"s":{"0":1,"1":1,"2":1,"3":9,"4":0,"5":0,"6":0,"7":6,"8":6,"9":0,"10":0},"f":{"0":1,"1":1,"2":0,"3":9,"4":0,"5":0,"6":0,"7":0,"8":0},"b":{"0":[1],"1":[0]},"_coverageSchema":"43e27e138ebf9cfc5966b082cf9a028302ed4184","hash":"eb5f3a76261ff778871c126840a7345a0628c631"}
,"/Users/ygutkina/WebstormProjects/128700-six-cities-2/src/components/rating/rating.jsx": {"path":"/Users/ygutkina/WebstormProjects/128700-six-cities-2/src/components/rating/rating.jsx","statementMap":{"0":{"start":{"line":6,"column":22},"end":{"line":18,"column":1}},"1":{"start":{"line":7,"column":77},"end":{"line":7,"column":82}},"2":{"start":{"line":9,"column":2},"end":{"line":17,"column":9}},"3":{"start":{"line":20,"column":0},"end":{"line":26,"column":2}}},"fnMap":{"0":{"name":"(anonymous_0)","decl":{"start":{"line":6,"column":22},"end":{"line":6,"column":23}},"loc":{"start":{"line":6,"column":33},"end":{"line":18,"column":1}},"line":6}},"branchMap":{"0":{"loc":{"start":{"line":14,"column":5},"end":{"line":15,"column":82}},"type":"binary-expr","locations":[{"start":{"line":14,"column":5},"end":{"line":14,"column":19}},{"start":{"line":15,"column":6},"end":{"line":15,"column":82}}],"line":14}},"s":{"0":10,"1":1,"2":1,"3":10},"f":{"0":1},"b":{"0":[1,0]},"_coverageSchema":"43e27e138ebf9cfc5966b082cf9a028302ed4184","hash":"1b90b4ed14b7e906704d78425e30559618c8864d"}
,"/Users/ygutkina/WebstormProjects/128700-six-cities-2/src/components/review/review.jsx": {"path":"/Users/ygutkina/WebstormProjects/128700-six-cities-2/src/components/review/review.jsx","statementMap":{"0":{"start":{"line":7,"column":22},"end":{"line":31,"column":1}},"1":{"start":{"line":8,"column":24},"end":{"line":8,"column":29}},"2":{"start":{"line":10,"column":2},"end":{"line":30,"column":8}},"3":{"start":{"line":33,"column":0},"end":{"line":35,"column":2}}},"fnMap":{"0":{"name":"(anonymous_0)","decl":{"start":{"line":7,"column":22},"end":{"line":7,"column":23}},"loc":{"start":{"line":7,"column":33},"end":{"line":31,"column":1}},"line":7}},"branchMap":{},"s":{"0":3,"1":0,"2":0,"3":3},"f":{"0":0},"b":{},"_coverageSchema":"43e27e138ebf9cfc5966b082cf9a028302ed4184","hash":"ac6394b9c035aa4eafc2a45416ba16fa983c0adc"}
,"/Users/ygutkina/WebstormProjects/128700-six-cities-2/src/components/review-form/review-form.jsx": {"path":"/Users/ygutkina/WebstormProjects/128700-six-cities-2/src/components/review-form/review-form.jsx","statementMap":{"0":{"start":{"line":5,"column":26},"end":{"line":62,"column":1}},"1":{"start":{"line":6,"column":79},"end":{"line":6,"column":84}},"2":{"start":{"line":8,"column":2},"end":{"line":61,"column":10}},"3":{"start":{"line":64,"column":0},"end":{"line":71,"column":2}}},"fnMap":{"0":{"name":"(anonymous_0)","decl":{"start":{"line":5,"column":26},"end":{"line":5,"column":27}},"loc":{"start":{"line":5,"column":37},"end":{"line":62,"column":1}},"line":5}},"branchMap":{},"s":{"0":2,"1":0,"2":0,"3":2},"f":{"0":0},"b":{},"_coverageSchema":"43e27e138ebf9cfc5966b082cf9a028302ed4184","hash":"7624de9b7cb396064ce65200b77868106f4d3381"}
,"/Users/ygutkina/WebstormProjects/128700-six-cities-2/src/components/reviews-list/reviews-list.jsx": {"path":"/Users/ygutkina/WebstormProjects/128700-six-cities-2/src/components/reviews-list/reviews-list.jsx","statementMap":{"0":{"start":{"line":8,"column":27},"end":{"line":17,"column":1}},"1":{"start":{"line":9,"column":21},"end":{"line":9,"column":26}},"2":{"start":{"line":11,"column":2},"end":{"line":16,"column":8}},"3":{"start":{"line":12,"column":28},"end":{"line":15,"column":6}},"4":{"start":{"line":19,"column":0},"end":{"line":21,"column":2}}},"fnMap":{"0":{"name":"(anonymous_0)","decl":{"start":{"line":8,"column":27},"end":{"line":8,"column":28}},"loc":{"start":{"line":8,"column":38},"end":{"line":17,"column":1}},"line":8},"1":{"name":"(anonymous_1)","decl":{"start":{"line":12,"column":18},"end":{"line":12,"column":19}},"loc":{"start":{"line":12,"column":28},"end":{"line":15,"column":6}},"line":12}},"branchMap":{},"s":{"0":3,"1":1,"2":1,"3":3,"4":3},"f":{"0":1,"1":3},"b":{},"_coverageSchema":"43e27e138ebf9cfc5966b082cf9a028302ed4184","hash":"b55eef44754932c864bb7e7f0ee68bf710db49da"}
,"/Users/ygutkina/WebstormProjects/128700-six-cities-2/src/components/select/select.jsx": {"path":"/Users/ygutkina/WebstormProjects/128700-six-cities-2/src/components/select/select.jsx","statementMap":{"0":{"start":{"line":5,"column":22},"end":{"line":26,"column":1}},"1":{"start":{"line":6,"column":76},"end":{"line":6,"column":81}},"2":{"start":{"line":8,"column":24},"end":{"line":10,"column":3}},"3":{"start":{"line":9,"column":4},"end":{"line":9,"column":29}},"4":{"start":{"line":12,"column":2},"end":{"line":25,"column":12}},"5":{"start":{"line":18,"column":29},"end":{"line":23,"column":13}},"6":{"start":{"line":28,"column":0},"end":{"line":38,"column":2}}},"fnMap":{"0":{"name":"(anonymous_0)","decl":{"start":{"line":5,"column":22},"end":{"line":5,"column":23}},"loc":{"start":{"line":5,"column":33},"end":{"line":26,"column":1}},"line":5},"1":{"name":"(anonymous_1)","decl":{"start":{"line":8,"column":24},"end":{"line":8,"column":25}},"loc":{"start":{"line":8,"column":31},"end":{"line":10,"column":3}},"line":8},"2":{"name":"(anonymous_2)","decl":{"start":{"line":18,"column":17},"end":{"line":18,"column":18}},"loc":{"start":{"line":18,"column":29},"end":{"line":23,"column":13}},"line":18}},"branchMap":{},"s":{"0":4,"1":1,"2":1,"3":0,"4":1,"5":2,"6":4},"f":{"0":1,"1":0,"2":2},"b":{},"_coverageSchema":"43e27e138ebf9cfc5966b082cf9a028302ed4184","hash":"e4e2481bb6dfd4de44f8f17b2e196a74bbeebaa8"}
,"/Users/ygutkina/WebstormProjects/128700-six-cities-2/src/components/sorting/sorting.jsx": {"path":"/Users/ygutkina/WebstormProjects/128700-six-cities-2/src/components/sorting/sorting.jsx","statementMap":{"0":{"start":{"line":9,"column":24},"end":{"line":14,"column":1}},"1":{"start":{"line":16,"column":16},"end":{"line":32,"column":1}},"2":{"start":{"line":17,"column":42},"end":{"line":17,"column":47}},"3":{"start":{"line":19,"column":2},"end":{"line":31,"column":10}},"4":{"start":{"line":20,"column":4},"end":{"line":20,"column":23}},"5":{"start":{"line":34,"column":0},"end":{"line":37,"column":2}},"6":{"start":{"line":39,"column":24},"end":{"line":41,"column":2}},"7":{"start":{"line":39,"column":45},"end":{"line":41,"column":2}},"8":{"start":{"line":43,"column":27},"end":{"line":47,"column":2}},"9":{"start":{"line":43,"column":42},"end":{"line":47,"column":1}},"10":{"start":{"line":45,"column":4},"end":{"line":45,"column":50}}},"fnMap":{"0":{"name":"(anonymous_0)","decl":{"start":{"line":16,"column":16},"end":{"line":16,"column":17}},"loc":{"start":{"line":16,"column":27},"end":{"line":32,"column":1}},"line":16},"1":{"name":"(anonymous_1)","decl":{"start":{"line":19,"column":77},"end":{"line":19,"column":78}},"loc":{"start":{"line":19,"column":84},"end":{"line":21,"column":3}},"line":19},"2":{"name":"(anonymous_2)","decl":{"start":{"line":39,"column":24},"end":{"line":39,"column":25}},"loc":{"start":{"line":39,"column":45},"end":{"line":41,"column":2}},"line":39},"3":{"name":"(anonymous_3)","decl":{"start":{"line":43,"column":27},"end":{"line":43,"column":28}},"loc":{"start":{"line":43,"column":42},"end":{"line":47,"column":1}},"line":43},"4":{"name":"(anonymous_4)","decl":{"start":{"line":44,"column":19},"end":{"line":44,"column":20}},"loc":{"start":{"line":44,"column":31},"end":{"line":46,"column":3}},"line":44}},"branchMap":{},"s":{"0":3,"1":3,"2":1,"3":1,"4":0,"5":3,"6":3,"7":0,"8":3,"9":0,"10":0},"f":{"0":1,"1":0,"2":0,"3":0,"4":0},"b":{},"_coverageSchema":"43e27e138ebf9cfc5966b082cf9a028302ed4184","hash":"9e25cc586decc985e851d49599749e41189870cb"}
,"/Users/ygutkina/WebstormProjects/128700-six-cities-2/src/hocs/with-auth/with-auth.jsx": {"path":"/Users/ygutkina/WebstormProjects/128700-six-cities-2/src/hocs/with-auth/with-auth.jsx","statementMap":{"0":{"start":{"line":9,"column":17},"end":{"line":33,"column":1}},"1":{"start":{"line":12,"column":6},"end":{"line":12,"column":19}},"2":{"start":{"line":16,"column":25},"end":{"line":16,"column":35}},"3":{"start":{"line":18,"column":6},"end":{"line":20,"column":35}},"4":{"start":{"line":24,"column":2},"end":{"line":26,"column":4}},"5":{"start":{"line":28,"column":26},"end":{"line":30,"column":4}},"6":{"start":{"line":28,"column":47},"end":{"line":30,"column":4}},"7":{"start":{"line":32,"column":2},"end":{"line":32,"column":44}}},"fnMap":{"0":{"name":"(anonymous_0)","decl":{"start":{"line":9,"column":17},"end":{"line":9,"column":18}},"loc":{"start":{"line":9,"column":32},"end":{"line":33,"column":1}},"line":9},"1":{"name":"(anonymous_1)","decl":{"start":{"line":11,"column":4},"end":{"line":11,"column":5}},"loc":{"start":{"line":11,"column":23},"end":{"line":13,"column":5}},"line":11},"2":{"name":"(anonymous_2)","decl":{"start":{"line":15,"column":4},"end":{"line":15,"column":5}},"loc":{"start":{"line":15,"column":13},"end":{"line":21,"column":5}},"line":15},"3":{"name":"(anonymous_3)","decl":{"start":{"line":28,"column":26},"end":{"line":28,"column":27}},"loc":{"start":{"line":28,"column":47},"end":{"line":30,"column":4}},"line":28}},"branchMap":{"0":{"loc":{"start":{"line":18,"column":13},"end":{"line":20,"column":34}},"type":"cond-expr","locations":[{"start":{"line":18,"column":26},"end":{"line":20,"column":8}},{"start":{"line":20,"column":11},"end":{"line":20,"column":34}}],"line":18}},"s":{"0":1,"1":0,"2":0,"3":0,"4":1,"5":1,"6":0,"7":1},"f":{"0":1,"1":0,"2":0,"3":0},"b":{"0":[0,0]},"_coverageSchema":"43e27e138ebf9cfc5966b082cf9a028302ed4184","hash":"ace87adfe32a7d3a11a96bf5fca907cf67a66280"}
,"/Users/ygutkina/WebstormProjects/128700-six-cities-2/src/hocs/with-login-form-submit/with-login-form-submit.jsx": {"path":"/Users/ygutkina/WebstormProjects/128700-six-cities-2/src/hocs/with-login-form-submit/with-login-form-submit.jsx","statementMap":{"0":{"start":{"line":8,"column":28},"end":{"line":58,"column":1}},"1":{"start":{"line":11,"column":6},"end":{"line":11,"column":19}},"2":{"start":{"line":13,"column":6},"end":{"line":13,"column":22}},"3":{"start":{"line":14,"column":6},"end":{"line":14,"column":69}},"4":{"start":{"line":15,"column":6},"end":{"line":15,"column":67}},"5":{"start":{"line":19,"column":6},"end":{"line":23,"column":9}},"6":{"start":{"line":27,"column":21},"end":{"line":27,"column":29}},"7":{"start":{"line":28,"column":20},"end":{"line":28,"column":78}},"8":{"start":{"line":29,"column":19},"end":{"line":29,"column":30}},"9":{"start":{"line":31,"column":6},"end":{"line":33,"column":9}},"10":{"start":{"line":37,"column":39},"end":{"line":37,"column":49}},"11":{"start":{"line":39,"column":6},"end":{"line":39,"column":25}},"12":{"start":{"line":40,"column":6},"end":{"line":40,"column":41}},"13":{"start":{"line":44,"column":2},"end":{"line":47,"column":4}},"14":{"start":{"line":49,"column":26},"end":{"line":49,"column":78}},"15":{"start":{"line":49,"column":47},"end":{"line":49,"column":78}},"16":{"start":{"line":51,"column":29},"end":{"line":55,"column":4}},"17":{"start":{"line":51,"column":44},"end":{"line":55,"column":3}},"18":{"start":{"line":53,"column":6},"end":{"line":53,"column":59}},"19":{"start":{"line":57,"column":2},"end":{"line":57,"column":75}}},"fnMap":{"0":{"name":"(anonymous_0)","decl":{"start":{"line":8,"column":28},"end":{"line":8,"column":29}},"loc":{"start":{"line":8,"column":43},"end":{"line":58,"column":1}},"line":8},"1":{"name":"(anonymous_1)","decl":{"start":{"line":10,"column":4},"end":{"line":10,"column":5}},"loc":{"start":{"line":10,"column":23},"end":{"line":16,"column":5}},"line":10},"2":{"name":"(anonymous_2)","decl":{"start":{"line":18,"column":4},"end":{"line":18,"column":5}},"loc":{"start":{"line":18,"column":13},"end":{"line":24,"column":5}},"line":18},"3":{"name":"(anonymous_3)","decl":{"start":{"line":26,"column":4},"end":{"line":26,"column":5}},"loc":{"start":{"line":26,"column":27},"end":{"line":34,"column":5}},"line":26},"4":{"name":"(anonymous_4)","decl":{"start":{"line":36,"column":4},"end":{"line":36,"column":5}},"loc":{"start":{"line":36,"column":26},"end":{"line":41,"column":5}},"line":36},"5":{"name":"(anonymous_5)","decl":{"start":{"line":49,"column":26},"end":{"line":49,"column":27}},"loc":{"start":{"line":49,"column":47},"end":{"line":49,"column":78}},"line":49},"6":{"name":"(anonymous_6)","decl":{"start":{"line":51,"column":29},"end":{"line":51,"column":30}},"loc":{"start":{"line":51,"column":44},"end":{"line":55,"column":3}},"line":51},"7":{"name":"(anonymous_7)","decl":{"start":{"line":52,"column":28},"end":{"line":52,"column":29}},"loc":{"start":{"line":52,"column":51},"end":{"line":54,"column":5}},"line":52}},"branchMap":{"0":{"loc":{"start":{"line":28,"column":20},"end":{"line":28,"column":78}},"type":"cond-expr","locations":[{"start":{"line":28,"column":49},"end":{"line":28,"column":63}},{"start":{"line":28,"column":66},"end":{"line":28,"column":78}}],"line":28}},"s":{"0":1,"1":0,"2":0,"3":0,"4":0,"5":0,"6":0,"7":0,"8":0,"9":0,"10":0,"11":0,"12":0,"13":1,"14":1,"15":0,"16":1,"17":0,"18":0,"19":1},"f":{"0":1,"1":0,"2":0,"3":0,"4":0,"5":0,"6":0,"7":0},"b":{"0":[0,0]},"_coverageSchema":"43e27e138ebf9cfc5966b082cf9a028302ed4184","hash":"64695fca8525eb7491aa5f5b6c7883dcd1cbae74"}
,"/Users/ygutkina/WebstormProjects/128700-six-cities-2/src/hocs/with-review-form-submit/with-review-form-submit.jsx": {"path":"/Users/ygutkina/WebstormProjects/128700-six-cities-2/src/hocs/with-review-form-submit/with-review-form-submit.jsx","statementMap":{"0":{"start":{"line":8,"column":29},"end":{"line":94,"column":1}},"1":{"start":{"line":11,"column":6},"end":{"line":11,"column":19}},"2":{"start":{"line":13,"column":6},"end":{"line":17,"column":8}},"3":{"start":{"line":19,"column":6},"end":{"line":19,"column":69}},"4":{"start":{"line":20,"column":6},"end":{"line":20,"column":67}},"5":{"start":{"line":21,"column":6},"end":{"line":21,"column":65}},"6":{"start":{"line":22,"column":6},"end":{"line":22,"column":55}},"7":{"start":{"line":26,"column":6},"end":{"line":33,"column":9}},"8":{"start":{"line":37,"column":21},"end":{"line":37,"column":29}},"9":{"start":{"line":38,"column":20},"end":{"line":38,"column":78}},"10":{"start":{"line":39,"column":19},"end":{"line":39,"column":30}},"11":{"start":{"line":41,"column":6},"end":{"line":43,"column":9}},"12":{"start":{"line":47,"column":6},"end":{"line":47,"column":108}},"13":{"start":{"line":51,"column":6},"end":{"line":54,"column":9}},"14":{"start":{"line":58,"column":38},"end":{"line":58,"column":48}},"15":{"start":{"line":59,"column":32},"end":{"line":59,"column":42}},"16":{"start":{"line":61,"column":6},"end":{"line":61,"column":25}},"17":{"start":{"line":63,"column":6},"end":{"line":65,"column":9}},"18":{"start":{"line":67,"column":6},"end":{"line":76,"column":11}},"19":{"start":{"line":68,"column":20},"end":{"line":68,"column":44}},"20":{"start":{"line":70,"column":10},"end":{"line":70,"column":32}},"21":{"start":{"line":73,"column":10},"end":{"line":75,"column":13}},"22":{"start":{"line":80,"column":2},"end":{"line":83,"column":4}},"23":{"start":{"line":85,"column":26},"end":{"line":85,"column":78}},"24":{"start":{"line":85,"column":47},"end":{"line":85,"column":78}},"25":{"start":{"line":87,"column":29},"end":{"line":91,"column":4}},"26":{"start":{"line":87,"column":44},"end":{"line":91,"column":3}},"27":{"start":{"line":89,"column":6},"end":{"line":89,"column":61}},"28":{"start":{"line":93,"column":2},"end":{"line":93,"column":76}}},"fnMap":{"0":{"name":"(anonymous_0)","decl":{"start":{"line":8,"column":29},"end":{"line":8,"column":30}},"loc":{"start":{"line":8,"column":44},"end":{"line":94,"column":1}},"line":8},"1":{"name":"(anonymous_1)","decl":{"start":{"line":10,"column":4},"end":{"line":10,"column":5}},"loc":{"start":{"line":10,"column":23},"end":{"line":23,"column":5}},"line":10},"2":{"name":"(anonymous_2)","decl":{"start":{"line":25,"column":4},"end":{"line":25,"column":5}},"loc":{"start":{"line":25,"column":13},"end":{"line":34,"column":5}},"line":25},"3":{"name":"(anonymous_3)","decl":{"start":{"line":36,"column":4},"end":{"line":36,"column":5}},"loc":{"start":{"line":36,"column":27},"end":{"line":44,"column":5}},"line":36},"4":{"name":"(anonymous_4)","decl":{"start":{"line":46,"column":4},"end":{"line":46,"column":5}},"loc":{"start":{"line":46,"column":19},"end":{"line":48,"column":5}},"line":46},"5":{"name":"(anonymous_5)","decl":{"start":{"line":50,"column":4},"end":{"line":50,"column":5}},"loc":{"start":{"line":50,"column":24},"end":{"line":55,"column":5}},"line":50},"6":{"name":"(anonymous_6)","decl":{"start":{"line":57,"column":4},"end":{"line":57,"column":5}},"loc":{"start":{"line":57,"column":26},"end":{"line":77,"column":5}},"line":57},"7":{"name":"(anonymous_7)","decl":{"start":{"line":68,"column":14},"end":{"line":68,"column":15}},"loc":{"start":{"line":68,"column":20},"end":{"line":68,"column":44}},"line":68},"8":{"name":"(anonymous_8)","decl":{"start":{"line":69,"column":15},"end":{"line":69,"column":16}},"loc":{"start":{"line":69,"column":24},"end":{"line":71,"column":9}},"line":69},"9":{"name":"(anonymous_9)","decl":{"start":{"line":72,"column":14},"end":{"line":72,"column":15}},"loc":{"start":{"line":72,"column":20},"end":{"line":76,"column":9}},"line":72},"10":{"name":"(anonymous_10)","decl":{"start":{"line":85,"column":26},"end":{"line":85,"column":27}},"loc":{"start":{"line":85,"column":47},"end":{"line":85,"column":78}},"line":85},"11":{"name":"(anonymous_11)","decl":{"start":{"line":87,"column":29},"end":{"line":87,"column":30}},"loc":{"start":{"line":87,"column":44},"end":{"line":91,"column":3}},"line":87},"12":{"name":"(anonymous_12)","decl":{"start":{"line":88,"column":18},"end":{"line":88,"column":19}},"loc":{"start":{"line":88,"column":39},"end":{"line":90,"column":5}},"line":88}},"branchMap":{"0":{"loc":{"start":{"line":30,"column":20},"end":{"line":30,"column":64}},"type":"binary-expr","locations":[{"start":{"line":30,"column":20},"end":{"line":30,"column":40}},{"start":{"line":30,"column":44},"end":{"line":30,"column":64}}],"line":30},"1":{"loc":{"start":{"line":38,"column":20},"end":{"line":38,"column":78}},"type":"cond-expr","locations":[{"start":{"line":38,"column":49},"end":{"line":38,"column":63}},{"start":{"line":38,"column":66},"end":{"line":38,"column":78}}],"line":38},"2":{"loc":{"start":{"line":47,"column":14},"end":{"line":47,"column":106}},"type":"binary-expr","locations":[{"start":{"line":47,"column":14},"end":{"line":47,"column":31}},{"start":{"line":47,"column":36},"end":{"line":47,"column":67}},{"start":{"line":47,"column":73},"end":{"line":47,"column":105}}],"line":47}},"s":{"0":2,"1":0,"2":0,"3":0,"4":0,"5":0,"6":0,"7":0,"8":0,"9":0,"10":0,"11":0,"12":0,"13":0,"14":0,"15":0,"16":0,"17":0,"18":0,"19":0,"20":0,"21":0,"22":2,"23":2,"24":0,"25":2,"26":0,"27":0,"28":2},"f":{"0":2,"1":0,"2":0,"3":0,"4":0,"5":0,"6":0,"7":0,"8":0,"9":0,"10":0,"11":0,"12":0},"b":{"0":[0,0],"1":[0,0],"2":[0,0,0]},"_coverageSchema":"43e27e138ebf9cfc5966b082cf9a028302ed4184","hash":"2163bdb9150d8d4e386c44c3ea706ab83a59760c"}
,"/Users/ygutkina/WebstormProjects/128700-six-cities-2/src/hocs/without-auth/without-auth.jsx": {"path":"/Users/ygutkina/WebstormProjects/128700-six-cities-2/src/hocs/without-auth/without-auth.jsx","statementMap":{"0":{"start":{"line":9,"column":20},"end":{"line":33,"column":1}},"1":{"start":{"line":12,"column":6},"end":{"line":12,"column":19}},"2":{"start":{"line":16,"column":25},"end":{"line":16,"column":35}},"3":{"start":{"line":18,"column":6},"end":{"line":20,"column":30}},"4":{"start":{"line":24,"column":2},"end":{"line":26,"column":4}},"5":{"start":{"line":28,"column":26},"end":{"line":30,"column":4}},"6":{"start":{"line":28,"column":47},"end":{"line":30,"column":4}},"7":{"start":{"line":32,"column":2},"end":{"line":32,"column":47}}},"fnMap":{"0":{"name":"(anonymous_0)","decl":{"start":{"line":9,"column":20},"end":{"line":9,"column":21}},"loc":{"start":{"line":9,"column":35},"end":{"line":33,"column":1}},"line":9},"1":{"name":"(anonymous_1)","decl":{"start":{"line":11,"column":4},"end":{"line":11,"column":5}},"loc":{"start":{"line":11,"column":23},"end":{"line":13,"column":5}},"line":11},"2":{"name":"(anonymous_2)","decl":{"start":{"line":15,"column":4},"end":{"line":15,"column":5}},"loc":{"start":{"line":15,"column":13},"end":{"line":21,"column":5}},"line":15},"3":{"name":"(anonymous_3)","decl":{"start":{"line":28,"column":26},"end":{"line":28,"column":27}},"loc":{"start":{"line":28,"column":47},"end":{"line":30,"column":4}},"line":28}},"branchMap":{"0":{"loc":{"start":{"line":18,"column":13},"end":{"line":20,"column":29}},"type":"cond-expr","locations":[{"start":{"line":18,"column":27},"end":{"line":20,"column":8}},{"start":{"line":20,"column":11},"end":{"line":20,"column":29}}],"line":18}},"s":{"0":1,"1":0,"2":0,"3":0,"4":1,"5":1,"6":0,"7":1},"f":{"0":1,"1":0,"2":0,"3":0},"b":{"0":[0,0]},"_coverageSchema":"43e27e138ebf9cfc5966b082cf9a028302ed4184","hash":"b438867624bfe179ffae146bb6348f9f5ca51863"}
,"/Users/ygutkina/WebstormProjects/128700-six-cities-2/src/mocks/comments-data.js": {"path":"/Users/ygutkina/WebstormProjects/128700-six-cities-2/src/mocks/comments-data.js","statementMap":{"0":{"start":{"line":1,"column":28},"end":{"line":38,"column":1}}},"fnMap":{},"branchMap":{},"s":{"0":2},"f":{},"b":{},"_coverageSchema":"43e27e138ebf9cfc5966b082cf9a028302ed4184","hash":"645d35060eb6637df89b3206cb0f0a51370f766d"}
,"/Users/ygutkina/WebstormProjects/128700-six-cities-2/src/mocks/offer-data.js": {"path":"/Users/ygutkina/WebstormProjects/128700-six-cities-2/src/mocks/offer-data.js","statementMap":{"0":{"start":{"line":1,"column":26},"end":{"line":308,"column":1}}},"fnMap":{},"branchMap":{},"s":{"0":8},"f":{},"b":{},"_coverageSchema":"43e27e138ebf9cfc5966b082cf9a028302ed4184","hash":"1c72b48931bde3f5b7de44db634b68a9bd6be355"}
,"/Users/ygutkina/WebstormProjects/128700-six-cities-2/src/reducer/name-spaces.js": {"path":"/Users/ygutkina/WebstormProjects/128700-six-cities-2/src/reducer/name-spaces.js","statementMap":{"0":{"start":{"line":1,"column":18},"end":{"line":4,"column":1}}},"fnMap":{},"branchMap":{},"s":{"0":15},"f":{},"b":{},"_coverageSchema":"43e27e138ebf9cfc5966b082cf9a028302ed4184","hash":"b193f4066af285646f5e9d3a8665c0584dd59341"}
,"/Users/ygutkina/WebstormProjects/128700-six-cities-2/src/reducer/data/data.js": {"path":"/Users/ygutkina/WebstormProjects/128700-six-cities-2/src/reducer/data/data.js","statementMap":{"0":{"start":{"line":1,"column":21},"end":{"line":7,"column":1}},"1":{"start":{"line":9,"column":19},"end":{"line":19,"column":1}},"2":{"start":{"line":21,"column":22},"end":{"line":62,"column":1}},"3":{"start":{"line":22,"column":28},"end":{"line":25,"column":3}},"4":{"start":{"line":26,"column":27},"end":{"line":29,"column":3}},"5":{"start":{"line":30,"column":31},"end":{"line":33,"column":3}},"6":{"start":{"line":35,"column":4},"end":{"line":35,"column":41}},"7":{"start":{"line":37,"column":4},"end":{"line":40,"column":6}},"8":{"start":{"line":42,"column":30},"end":{"line":45,"column":3}},"9":{"start":{"line":46,"column":35},"end":{"line":49,"column":3}},"10":{"start":{"line":50,"column":30},"end":{"line":53,"column":3}},"11":{"start":{"line":54,"column":30},"end":{"line":57,"column":3}},"12":{"start":{"line":58,"column":35},"end":{"line":61,"column":3}},"13":{"start":{"line":64,"column":26},"end":{"line":97,"column":2}},"14":{"start":{"line":64,"column":38},"end":{"line":97,"column":1}},"15":{"start":{"line":99,"column":27},"end":{"line":101,"column":1}},"16":{"start":{"line":100,"column":2},"end":{"line":100,"column":60}},"17":{"start":{"line":100,"column":34},"end":{"line":100,"column":58}},"18":{"start":{"line":103,"column":29},"end":{"line":116,"column":1}},"19":{"start":{"line":104,"column":2},"end":{"line":115,"column":6}},"20":{"start":{"line":104,"column":39},"end":{"line":115,"column":3}},"21":{"start":{"line":118,"column":18},"end":{"line":161,"column":1}},"22":{"start":{"line":119,"column":20},"end":{"line":124,"column":3}},"23":{"start":{"line":120,"column":4},"end":{"line":123,"column":9}},"24":{"start":{"line":122,"column":8},"end":{"line":122,"column":78}},"25":{"start":{"line":125,"column":22},"end":{"line":130,"column":3}},"26":{"start":{"line":126,"column":4},"end":{"line":129,"column":9}},"27":{"start":{"line":128,"column":8},"end":{"line":128,"column":80}},"28":{"start":{"line":131,"column":35},"end":{"line":145,"column":3}},"29":{"start":{"line":132,"column":20},"end":{"line":132,"column":28}},"30":{"start":{"line":133,"column":19},"end":{"line":133,"column":43}},"31":{"start":{"line":135,"column":4},"end":{"line":144,"column":9}},"32":{"start":{"line":137,"column":8},"end":{"line":137,"column":60}},"33":{"start":{"line":139,"column":8},"end":{"line":143,"column":9}},"34":{"start":{"line":140,"column":10},"end":{"line":140,"column":83}},"35":{"start":{"line":142,"column":10},"end":{"line":142,"column":88}},"36":{"start":{"line":146,"column":29},"end":{"line":151,"column":3}},"37":{"start":{"line":147,"column":4},"end":{"line":150,"column":9}},"38":{"start":{"line":149,"column":8},"end":{"line":149,"column":91}},"39":{"start":{"line":152,"column":35},"end":{"line":160,"column":3}},"40":{"start":{"line":153,"column":4},"end":{"line":159,"column":9}},"41":{"start":{"line":155,"column":8},"end":{"line":155,"column":91}},"42":{"start":{"line":163,"column":16},"end":{"line":197,"column":1}},"43":{"start":{"line":164,"column":2},"end":{"line":194,"column":3}},"44":{"start":{"line":165,"column":33},"end":{"line":167,"column":7}},"45":{"start":{"line":168,"column":33},"end":{"line":170,"column":7}},"46":{"start":{"line":171,"column":35},"end":{"line":173,"column":7}},"47":{"start":{"line":174,"column":38},"end":{"line":176,"column":7}},"48":{"start":{"line":177,"column":43},"end":{"line":179,"column":7}},"49":{"start":{"line":178,"column":49},"end":{"line":178,"column":76}},"50":{"start":{"line":180,"column":44},"end":{"line":182,"column":7}},"51":{"start":{"line":181,"column":46},"end":{"line":181,"column":103}},"52":{"start":{"line":183,"column":38},"end":{"line":185,"column":7}},"53":{"start":{"line":186,"column":36},"end":{"line":188,"column":7}},"54":{"start":{"line":189,"column":35},"end":{"line":193,"column":7}},"55":{"start":{"line":196,"column":2},"end":{"line":196,"column":15}}},"fnMap":{"0":{"name":"(anonymous_0)","decl":{"start":{"line":22,"column":14},"end":{"line":22,"column":15}},"loc":{"start":{"line":22,"column":28},"end":{"line":25,"column":3}},"line":22},"1":{"name":"(anonymous_1)","decl":{"start":{"line":26,"column":14},"end":{"line":26,"column":15}},"loc":{"start":{"line":26,"column":27},"end":{"line":29,"column":3}},"line":26},"2":{"name":"(anonymous_2)","decl":{"start":{"line":30,"column":16},"end":{"line":30,"column":17}},"loc":{"start":{"line":30,"column":31},"end":{"line":33,"column":3}},"line":30},"3":{"name":"(anonymous_3)","decl":{"start":{"line":34,"column":24},"end":{"line":34,"column":25}},"loc":{"start":{"line":34,"column":35},"end":{"line":41,"column":3}},"line":34},"4":{"name":"(anonymous_4)","decl":{"start":{"line":42,"column":18},"end":{"line":42,"column":19}},"loc":{"start":{"line":42,"column":30},"end":{"line":45,"column":3}},"line":42},"5":{"name":"(anonymous_5)","decl":{"start":{"line":46,"column":23},"end":{"line":46,"column":24}},"loc":{"start":{"line":46,"column":35},"end":{"line":49,"column":3}},"line":46},"6":{"name":"(anonymous_6)","decl":{"start":{"line":50,"column":18},"end":{"line":50,"column":19}},"loc":{"start":{"line":50,"column":30},"end":{"line":53,"column":3}},"line":50},"7":{"name":"(anonymous_7)","decl":{"start":{"line":54,"column":17},"end":{"line":54,"column":18}},"loc":{"start":{"line":54,"column":30},"end":{"line":57,"column":3}},"line":54},"8":{"name":"(anonymous_8)","decl":{"start":{"line":58,"column":16},"end":{"line":58,"column":17}},"loc":{"start":{"line":58,"column":35},"end":{"line":61,"column":3}},"line":58},"9":{"name":"(anonymous_9)","decl":{"start":{"line":64,"column":26},"end":{"line":64,"column":27}},"loc":{"start":{"line":64,"column":38},"end":{"line":97,"column":1}},"line":64},"10":{"name":"(anonymous_10)","decl":{"start":{"line":99,"column":27},"end":{"line":99,"column":28}},"loc":{"start":{"line":99,"column":42},"end":{"line":101,"column":1}},"line":99},"11":{"name":"(anonymous_11)","decl":{"start":{"line":100,"column":23},"end":{"line":100,"column":24}},"loc":{"start":{"line":100,"column":34},"end":{"line":100,"column":58}},"line":100},"12":{"name":"(anonymous_12)","decl":{"start":{"line":103,"column":29},"end":{"line":103,"column":30}},"loc":{"start":{"line":103,"column":46},"end":{"line":116,"column":1}},"line":103},"13":{"name":"(anonymous_13)","decl":{"start":{"line":104,"column":25},"end":{"line":104,"column":26}},"loc":{"start":{"line":104,"column":39},"end":{"line":115,"column":3}},"line":104},"14":{"name":"(anonymous_14)","decl":{"start":{"line":119,"column":14},"end":{"line":119,"column":15}},"loc":{"start":{"line":119,"column":20},"end":{"line":124,"column":3}},"line":119},"15":{"name":"(anonymous_15)","decl":{"start":{"line":119,"column":20},"end":{"line":119,"column":21}},"loc":{"start":{"line":119,"column":50},"end":{"line":124,"column":3}},"line":119},"16":{"name":"(anonymous_16)","decl":{"start":{"line":121,"column":12},"end":{"line":121,"column":13}},"loc":{"start":{"line":121,"column":26},"end":{"line":123,"column":7}},"line":121},"17":{"name":"(anonymous_17)","decl":{"start":{"line":125,"column":16},"end":{"line":125,"column":17}},"loc":{"start":{"line":125,"column":22},"end":{"line":130,"column":3}},"line":125},"18":{"name":"(anonymous_18)","decl":{"start":{"line":125,"column":22},"end":{"line":125,"column":23}},"loc":{"start":{"line":125,"column":52},"end":{"line":130,"column":3}},"line":125},"19":{"name":"(anonymous_19)","decl":{"start":{"line":127,"column":12},"end":{"line":127,"column":13}},"loc":{"start":{"line":127,"column":26},"end":{"line":129,"column":7}},"line":127},"20":{"name":"(anonymous_20)","decl":{"start":{"line":131,"column":24},"end":{"line":131,"column":25}},"loc":{"start":{"line":131,"column":35},"end":{"line":145,"column":3}},"line":131},"21":{"name":"(anonymous_21)","decl":{"start":{"line":131,"column":35},"end":{"line":131,"column":36}},"loc":{"start":{"line":131,"column":65},"end":{"line":145,"column":3}},"line":131},"22":{"name":"(anonymous_22)","decl":{"start":{"line":136,"column":12},"end":{"line":136,"column":13}},"loc":{"start":{"line":136,"column":26},"end":{"line":144,"column":7}},"line":136},"23":{"name":"(anonymous_23)","decl":{"start":{"line":146,"column":16},"end":{"line":146,"column":17}},"loc":{"start":{"line":146,"column":29},"end":{"line":151,"column":3}},"line":146},"24":{"name":"(anonymous_24)","decl":{"start":{"line":146,"column":29},"end":{"line":146,"column":30}},"loc":{"start":{"line":146,"column":59},"end":{"line":151,"column":3}},"line":146},"25":{"name":"(anonymous_25)","decl":{"start":{"line":148,"column":12},"end":{"line":148,"column":13}},"loc":{"start":{"line":148,"column":26},"end":{"line":150,"column":7}},"line":148},"26":{"name":"(anonymous_26)","decl":{"start":{"line":152,"column":14},"end":{"line":152,"column":15}},"loc":{"start":{"line":152,"column":35},"end":{"line":160,"column":3}},"line":152},"27":{"name":"(anonymous_27)","decl":{"start":{"line":152,"column":35},"end":{"line":152,"column":36}},"loc":{"start":{"line":152,"column":65},"end":{"line":160,"column":3}},"line":152},"28":{"name":"(anonymous_28)","decl":{"start":{"line":154,"column":12},"end":{"line":154,"column":13}},"loc":{"start":{"line":154,"column":26},"end":{"line":156,"column":7}},"line":154},"29":{"name":"(anonymous_29)","decl":{"start":{"line":157,"column":12},"end":{"line":157,"column":13}},"loc":{"start":{"line":157,"column":18},"end":{"line":159,"column":7}},"line":157},"30":{"name":"(anonymous_30)","decl":{"start":{"line":163,"column":16},"end":{"line":163,"column":17}},"loc":{"start":{"line":163,"column":50},"end":{"line":197,"column":1}},"line":163},"31":{"name":"(anonymous_31)","decl":{"start":{"line":178,"column":38},"end":{"line":178,"column":39}},"loc":{"start":{"line":178,"column":49},"end":{"line":178,"column":76}},"line":178},"32":{"name":"(anonymous_32)","decl":{"start":{"line":181,"column":35},"end":{"line":181,"column":36}},"loc":{"start":{"line":181,"column":46},"end":{"line":181,"column":103}},"line":181}},"branchMap":{"0":{"loc":{"start":{"line":133,"column":19},"end":{"line":133,"column":43}},"type":"cond-expr","locations":[{"start":{"line":133,"column":38},"end":{"line":133,"column":39}},{"start":{"line":133,"column":42},"end":{"line":133,"column":43}}],"line":133},"1":{"loc":{"start":{"line":139,"column":8},"end":{"line":143,"column":9}},"type":"if","locations":[{"start":{"line":139,"column":8},"end":{"line":143,"column":9}},{"start":{"line":139,"column":8},"end":{"line":143,"column":9}}],"line":139},"2":{"loc":{"start":{"line":163,"column":17},"end":{"line":163,"column":37}},"type":"default-arg","locations":[{"start":{"line":163,"column":25},"end":{"line":163,"column":37}}],"line":163},"3":{"loc":{"start":{"line":164,"column":2},"end":{"line":194,"column":3}},"type":"switch","locations":[{"start":{"line":165,"column":4},"end":{"line":167,"column":7}},{"start":{"line":168,"column":4},"end":{"line":170,"column":7}},{"start":{"line":171,"column":4},"end":{"line":173,"column":7}},{"start":{"line":174,"column":4},"end":{"line":176,"column":7}},{"start":{"line":177,"column":4},"end":{"line":179,"column":7}},{"start":{"line":180,"column":4},"end":{"line":182,"column":7}},{"start":{"line":183,"column":4},"end":{"line":185,"column":7}},{"start":{"line":186,"column":4},"end":{"line":188,"column":7}},{"start":{"line":189,"column":4},"end":{"line":193,"column":7}}],"line":164},"4":{"loc":{"start":{"line":181,"column":46},"end":{"line":181,"column":103}},"type":"cond-expr","locations":[{"start":{"line":181,"column":81},"end":{"line":181,"column":95}},{"start":{"line":181,"column":98},"end":{"line":181,"column":103}}],"line":181}},"s":{"0":13,"1":13,"2":13,"3":1,"4":1,"5":1,"6":0,"7":0,"8":0,"9":0,"10":0,"11":0,"12":0,"13":13,"14":2,"15":13,"16":2,"17":2,"18":13,"19":0,"20":0,"21":13,"22":1,"23":1,"24":1,"25":1,"26":1,"27":1,"28":0,"29":0,"30":0,"31":0,"32":0,"33":0,"34":0,"35":0,"36":0,"37":0,"38":0,"39":0,"40":0,"41":0,"42":13,"43":2,"44":1,"45":0,"46":0,"47":0,"48":0,"49":0,"50":0,"51":0,"52":0,"53":0,"54":0,"55":1},"f":{"0":1,"1":1,"2":1,"3":0,"4":0,"5":0,"6":0,"7":0,"8":0,"9":2,"10":2,"11":2,"12":0,"13":0,"14":1,"15":1,"16":1,"17":1,"18":1,"19":1,"20":0,"21":0,"22":0,"23":0,"24":0,"25":0,"26":0,"27":0,"28":0,"29":0,"30":2,"31":0,"32":0},"b":{"0":[0,0],"1":[0,0],"2":[1],"3":[1,0,0,0,0,0,0,0,0],"4":[0,0]},"_coverageSchema":"43e27e138ebf9cfc5966b082cf9a028302ed4184","hash":"39d1b46492cf781fcf214adb5c07d55005e0bb5d"}
,"/Users/ygutkina/WebstormProjects/128700-six-cities-2/src/reducer/data/selectors.js": {"path":"/Users/ygutkina/WebstormProjects/128700-six-cities-2/src/reducer/data/selectors.js","statementMap":{"0":{"start":{"line":5,"column":19},"end":{"line":5,"column":33}},"1":{"start":{"line":7,"column":34},"end":{"line":11,"column":1}},"2":{"start":{"line":8,"column":22},"end":{"line":8,"column":44}},"3":{"start":{"line":10,"column":2},"end":{"line":10,"column":87}},"4":{"start":{"line":10,"column":53},"end":{"line":10,"column":84}},"5":{"start":{"line":13,"column":40},"end":{"line":24,"column":1}},"6":{"start":{"line":14,"column":23},"end":{"line":14,"column":53}},"7":{"start":{"line":15,"column":21},"end":{"line":15,"column":53}},"8":{"start":{"line":17,"column":2},"end":{"line":21,"column":3}},"9":{"start":{"line":18,"column":20},"end":{"line":18,"column":72}},"10":{"start":{"line":18,"column":53},"end":{"line":18,"column":70}},"11":{"start":{"line":19,"column":19},"end":{"line":19,"column":71}},"12":{"start":{"line":19,"column":52},"end":{"line":19,"column":69}},"13":{"start":{"line":20,"column":22},"end":{"line":20,"column":76}},"14":{"start":{"line":20,"column":55},"end":{"line":20,"column":74}},"15":{"start":{"line":23,"column":2},"end":{"line":23,"column":20}},"16":{"start":{"line":26,"column":34},"end":{"line":34,"column":1}},"17":{"start":{"line":27,"column":17},"end":{"line":27,"column":41}},"18":{"start":{"line":29,"column":2},"end":{"line":33,"column":8}},"19":{"start":{"line":29,"column":50},"end":{"line":29,"column":65}},"20":{"start":{"line":30,"column":24},"end":{"line":33,"column":5}},"21":{"start":{"line":32,"column":38},"end":{"line":32,"column":65}},"22":{"start":{"line":36,"column":32},"end":{"line":40,"column":1}},"23":{"start":{"line":37,"column":24},"end":{"line":37,"column":111}},"24":{"start":{"line":37,"column":74},"end":{"line":37,"column":110}},"25":{"start":{"line":39,"column":2},"end":{"line":39,"column":21}},"26":{"start":{"line":42,"column":32},"end":{"line":50,"column":1}},"27":{"start":{"line":43,"column":19},"end":{"line":43,"column":45}},"28":{"start":{"line":44,"column":17},"end":{"line":44,"column":78}},"29":{"start":{"line":44,"column":60},"end":{"line":44,"column":75}},"30":{"start":{"line":46,"column":2},"end":{"line":49,"column":6}},"31":{"start":{"line":46,"column":35},"end":{"line":49,"column":3}},"32":{"start":{"line":48,"column":38},"end":{"line":48,"column":65}},"33":{"start":{"line":52,"column":29},"end":{"line":54,"column":1}},"34":{"start":{"line":53,"column":2},"end":{"line":53,"column":87}},"35":{"start":{"line":53,"column":49},"end":{"line":53,"column":85}},"36":{"start":{"line":56,"column":36},"end":{"line":58,"column":1}},"37":{"start":{"line":57,"column":2},"end":{"line":57,"column":34}},"38":{"start":{"line":60,"column":31},"end":{"line":60,"column":71}},"39":{"start":{"line":60,"column":42},"end":{"line":60,"column":71}},"40":{"start":{"line":62,"column":24},"end":{"line":62,"column":65}},"41":{"start":{"line":62,"column":35},"end":{"line":62,"column":65}},"42":{"start":{"line":64,"column":34},"end":{"line":68,"column":1}},"43":{"start":{"line":65,"column":16},"end":{"line":65,"column":47}},"44":{"start":{"line":67,"column":2},"end":{"line":67,"column":26}},"45":{"start":{"line":70,"column":37},"end":{"line":70,"column":82}},"46":{"start":{"line":70,"column":52},"end":{"line":70,"column":82}}},"fnMap":{"0":{"name":"(anonymous_0)","decl":{"start":{"line":7,"column":34},"end":{"line":7,"column":35}},"loc":{"start":{"line":7,"column":45},"end":{"line":11,"column":1}},"line":7},"1":{"name":"(anonymous_1)","decl":{"start":{"line":10,"column":41},"end":{"line":10,"column":42}},"loc":{"start":{"line":10,"column":53},"end":{"line":10,"column":84}},"line":10},"2":{"name":"(anonymous_2)","decl":{"start":{"line":13,"column":40},"end":{"line":13,"column":41}},"loc":{"start":{"line":13,"column":51},"end":{"line":24,"column":1}},"line":13},"3":{"name":"(anonymous_3)","decl":{"start":{"line":18,"column":43},"end":{"line":18,"column":44}},"loc":{"start":{"line":18,"column":53},"end":{"line":18,"column":70}},"line":18},"4":{"name":"(anonymous_4)","decl":{"start":{"line":19,"column":42},"end":{"line":19,"column":43}},"loc":{"start":{"line":19,"column":52},"end":{"line":19,"column":69}},"line":19},"5":{"name":"(anonymous_5)","decl":{"start":{"line":20,"column":45},"end":{"line":20,"column":46}},"loc":{"start":{"line":20,"column":55},"end":{"line":20,"column":74}},"line":20},"6":{"name":"(anonymous_6)","decl":{"start":{"line":26,"column":34},"end":{"line":26,"column":35}},"loc":{"start":{"line":26,"column":45},"end":{"line":34,"column":1}},"line":26},"7":{"name":"(anonymous_7)","decl":{"start":{"line":29,"column":39},"end":{"line":29,"column":40}},"loc":{"start":{"line":29,"column":50},"end":{"line":29,"column":65}},"line":29},"8":{"name":"(anonymous_8)","decl":{"start":{"line":30,"column":9},"end":{"line":30,"column":10}},"loc":{"start":{"line":30,"column":24},"end":{"line":33,"column":5}},"line":30},"9":{"name":"(anonymous_9)","decl":{"start":{"line":32,"column":28},"end":{"line":32,"column":29}},"loc":{"start":{"line":32,"column":38},"end":{"line":32,"column":65}},"line":32},"10":{"name":"(anonymous_10)","decl":{"start":{"line":36,"column":32},"end":{"line":36,"column":33}},"loc":{"start":{"line":36,"column":43},"end":{"line":40,"column":1}},"line":36},"11":{"name":"(anonymous_11)","decl":{"start":{"line":37,"column":64},"end":{"line":37,"column":65}},"loc":{"start":{"line":37,"column":74},"end":{"line":37,"column":110}},"line":37},"12":{"name":"(anonymous_12)","decl":{"start":{"line":42,"column":32},"end":{"line":42,"column":33}},"loc":{"start":{"line":42,"column":43},"end":{"line":50,"column":1}},"line":42},"13":{"name":"(anonymous_13)","decl":{"start":{"line":44,"column":49},"end":{"line":44,"column":50}},"loc":{"start":{"line":44,"column":60},"end":{"line":44,"column":75}},"line":44},"14":{"name":"(anonymous_14)","decl":{"start":{"line":46,"column":20},"end":{"line":46,"column":21}},"loc":{"start":{"line":46,"column":35},"end":{"line":49,"column":3}},"line":46},"15":{"name":"(anonymous_15)","decl":{"start":{"line":48,"column":28},"end":{"line":48,"column":29}},"loc":{"start":{"line":48,"column":38},"end":{"line":48,"column":65}},"line":48},"16":{"name":"(anonymous_16)","decl":{"start":{"line":52,"column":29},"end":{"line":52,"column":30}},"loc":{"start":{"line":52,"column":44},"end":{"line":54,"column":1}},"line":52},"17":{"name":"(anonymous_17)","decl":{"start":{"line":53,"column":39},"end":{"line":53,"column":40}},"loc":{"start":{"line":53,"column":49},"end":{"line":53,"column":85}},"line":53},"18":{"name":"(anonymous_18)","decl":{"start":{"line":56,"column":36},"end":{"line":56,"column":37}},"loc":{"start":{"line":56,"column":47},"end":{"line":58,"column":1}},"line":56},"19":{"name":"(anonymous_19)","decl":{"start":{"line":60,"column":31},"end":{"line":60,"column":32}},"loc":{"start":{"line":60,"column":42},"end":{"line":60,"column":71}},"line":60},"20":{"name":"(anonymous_20)","decl":{"start":{"line":62,"column":24},"end":{"line":62,"column":25}},"loc":{"start":{"line":62,"column":35},"end":{"line":62,"column":65}},"line":62},"21":{"name":"(anonymous_21)","decl":{"start":{"line":64,"column":34},"end":{"line":64,"column":35}},"loc":{"start":{"line":64,"column":49},"end":{"line":68,"column":1}},"line":64},"22":{"name":"(anonymous_22)","decl":{"start":{"line":70,"column":37},"end":{"line":70,"column":38}},"loc":{"start":{"line":70,"column":52},"end":{"line":70,"column":82}},"line":70}},"branchMap":{"0":{"loc":{"start":{"line":17,"column":2},"end":{"line":21,"column":3}},"type":"switch","locations":[{"start":{"line":18,"column":4},"end":{"line":18,"column":72}},{"start":{"line":19,"column":4},"end":{"line":19,"column":71}},{"start":{"line":20,"column":4},"end":{"line":20,"column":76}}],"line":17}},"s":{"0":13,"1":13,"2":2,"3":2,"4":7,"5":13,"6":1,"7":1,"8":1,"9":1,"10":3,"11":0,"12":0,"13":0,"14":0,"15":0,"16":13,"17":2,"18":2,"19":12,"20":5,"21":16,"22":13,"23":1,"24":3,"25":1,"26":13,"27":0,"28":0,"29":0,"30":0,"31":0,"32":0,"33":13,"34":1,"35":1,"36":13,"37":0,"38":13,"39":0,"40":13,"41":0,"42":13,"43":0,"44":0,"45":13,"46":0},"f":{"0":2,"1":7,"2":1,"3":3,"4":0,"5":0,"6":2,"7":12,"8":5,"9":16,"10":1,"11":3,"12":0,"13":0,"14":0,"15":0,"16":1,"17":1,"18":0,"19":0,"20":0,"21":0,"22":0},"b":{"0":[1,0,0]},"_coverageSchema":"43e27e138ebf9cfc5966b082cf9a028302ed4184","hash":"52f813ca8d85268cc05e123ee4546831ed17eb5f"}
,"/Users/ygutkina/WebstormProjects/128700-six-cities-2/src/reducer/user/selectors.js": {"path":"/Users/ygutkina/WebstormProjects/128700-six-cities-2/src/reducer/user/selectors.js","statementMap":{"0":{"start":{"line":5,"column":19},"end":{"line":5,"column":33}},"1":{"start":{"line":7,"column":32},"end":{"line":9,"column":1}},"2":{"start":{"line":8,"column":2},"end":{"line":8,"column":36}}},"fnMap":{"0":{"name":"(anonymous_0)","decl":{"start":{"line":7,"column":32},"end":{"line":7,"column":33}},"loc":{"start":{"line":7,"column":43},"end":{"line":9,"column":1}},"line":7}},"branchMap":{},"s":{"0":12,"1":12,"2":1},"f":{"0":1},"b":{},"_coverageSchema":"43e27e138ebf9cfc5966b082cf9a028302ed4184","hash":"ab8f82ca093ca2b3c87ff9cbfb517d8c1e9d1222"}
,"/Users/ygutkina/WebstormProjects/128700-six-cities-2/src/reducer/user/user.js": {"path":"/Users/ygutkina/WebstormProjects/128700-six-cities-2/src/reducer/user/user.js","statementMap":{"0":{"start":{"line":4,"column":21},"end":{"line":6,"column":1}},"1":{"start":{"line":8,"column":19},"end":{"line":10,"column":1}},"2":{"start":{"line":12,"column":22},"end":{"line":17,"column":1}},"3":{"start":{"line":13,"column":32},"end":{"line":16,"column":3}},"4":{"start":{"line":19,"column":25},"end":{"line":27,"column":1}},"5":{"start":{"line":20,"column":2},"end":{"line":26,"column":4}},"6":{"start":{"line":29,"column":18},"end":{"line":43,"column":1}},"7":{"start":{"line":30,"column":40},"end":{"line":42,"column":3}},"8":{"start":{"line":31,"column":4},"end":{"line":41,"column":5}},"9":{"start":{"line":32,"column":6},"end":{"line":32,"column":46}},"10":{"start":{"line":34,"column":6},"end":{"line":40,"column":11}},"11":{"start":{"line":36,"column":10},"end":{"line":36,"column":103}},"12":{"start":{"line":39,"column":10},"end":{"line":39,"column":49}},"13":{"start":{"line":45,"column":16},"end":{"line":54,"column":1}},"14":{"start":{"line":46,"column":2},"end":{"line":51,"column":3}},"15":{"start":{"line":48,"column":6},"end":{"line":50,"column":9}},"16":{"start":{"line":53,"column":2},"end":{"line":53,"column":15}}},"fnMap":{"0":{"name":"(anonymous_0)","decl":{"start":{"line":13,"column":17},"end":{"line":13,"column":18}},"loc":{"start":{"line":13,"column":32},"end":{"line":16,"column":3}},"line":13},"1":{"name":"(anonymous_1)","decl":{"start":{"line":19,"column":25},"end":{"line":19,"column":26}},"loc":{"start":{"line":19,"column":47},"end":{"line":27,"column":1}},"line":19},"2":{"name":"(anonymous_2)","decl":{"start":{"line":30,"column":17},"end":{"line":30,"column":18}},"loc":{"start":{"line":30,"column":40},"end":{"line":42,"column":3}},"line":30},"3":{"name":"(anonymous_3)","decl":{"start":{"line":30,"column":40},"end":{"line":30,"column":41}},"loc":{"start":{"line":30,"column":70},"end":{"line":42,"column":3}},"line":30},"4":{"name":"(anonymous_4)","decl":{"start":{"line":35,"column":14},"end":{"line":35,"column":15}},"loc":{"start":{"line":35,"column":28},"end":{"line":37,"column":9}},"line":35},"5":{"name":"(anonymous_5)","decl":{"start":{"line":38,"column":14},"end":{"line":38,"column":15}},"loc":{"start":{"line":38,"column":20},"end":{"line":40,"column":9}},"line":38},"6":{"name":"(anonymous_6)","decl":{"start":{"line":45,"column":16},"end":{"line":45,"column":17}},"loc":{"start":{"line":45,"column":50},"end":{"line":54,"column":1}},"line":45}},"branchMap":{"0":{"loc":{"start":{"line":31,"column":4},"end":{"line":41,"column":5}},"type":"if","locations":[{"start":{"line":31,"column":4},"end":{"line":41,"column":5}},{"start":{"line":31,"column":4},"end":{"line":41,"column":5}}],"line":31},"1":{"loc":{"start":{"line":31,"column":8},"end":{"line":31,"column":27}},"type":"binary-expr","locations":[{"start":{"line":31,"column":8},"end":{"line":31,"column":14}},{"start":{"line":31,"column":18},"end":{"line":31,"column":27}}],"line":31},"2":{"loc":{"start":{"line":45,"column":17},"end":{"line":45,"column":37}},"type":"default-arg","locations":[{"start":{"line":45,"column":25},"end":{"line":45,"column":37}}],"line":45},"3":{"loc":{"start":{"line":46,"column":2},"end":{"line":51,"column":3}},"type":"switch","locations":[{"start":{"line":47,"column":4},"end":{"line":50,"column":9}}],"line":46}},"s":{"0":2,"1":2,"2":2,"3":1,"4":2,"5":0,"6":2,"7":0,"8":0,"9":0,"10":0,"11":0,"12":0,"13":2,"14":2,"15":1,"16":1},"f":{"0":1,"1":0,"2":0,"3":0,"4":0,"5":0,"6":2},"b":{"0":[0,0],"1":[0,0],"2":[1],"3":[1]},"_coverageSchema":"43e27e138ebf9cfc5966b082cf9a028302ed4184","hash":"76a269a6272ce66853b94acc4431136ae1ae7114"}
,"/Users/ygutkina/WebstormProjects/128700-six-cities-2/src/types/types.js": {"path":"/Users/ygutkina/WebstormProjects/128700-six-cities-2/src/types/types.js","statementMap":{"0":{"start":{"line":3,"column":31},"end":{"line":70,"column":1}}},"fnMap":{},"branchMap":{},"s":{"0":13},"f":{},"b":{},"_coverageSchema":"43e27e138ebf9cfc5966b082cf9a028302ed4184","hash":"59c290a275297cf9b901f36b02c9a2374c6198b8"}
}
