TN:
SF:/Users/ygutkina/WebstormProjects/128700-six-cities-2/src/api.js
FN:4,(anonymous_0)
FN:11,(anonymous_1)
FN:12,(anonymous_2)
FNF:3
FNH:2
FNDA:2,(anonymous_0)
FNDA:2,(anonymous_1)
FNDA:0,(anonymous_2)
DA:4,1
DA:5,2
DA:11,2
DA:12,2
DA:13,0
DA:14,0
DA:17,0
DA:20,2
DA:22,2
LF:9
LH:6
BRDA:13,0,0,0
BRDA:13,0,1,0
BRDA:13,1,0,0
BRDA:13,1,1,0
BRF:4
BRH:0
end_of_record
TN:
SF:/Users/ygutkina/WebstormProjects/128700-six-cities-2/src/components/app/app.jsx
FN:15,(anonymous_0)
FNF:1
FNH:1
FNDA:1,(anonymous_0)
DA:13,1
DA:15,1
DA:16,1
DA:26,1
LF:4
LH:4
BRF:0
BRH:0
end_of_record
TN:
SF:/Users/ygutkina/WebstormProjects/128700-six-cities-2/src/components/bookmark/bookmark.jsx
FN:14,(anonymous_0)
FN:20,(anonymous_1)
FN:43,(anonymous_2)
FN:66,(anonymous_3)
FN:71,(anonymous_4)
FN:72,(anonymous_5)
FNF:6
FNH:2
FNDA:1,(anonymous_0)
FNDA:1,(anonymous_1)
FNDA:0,(anonymous_2)
FNDA:0,(anonymous_3)
FNDA:0,(anonymous_4)
FNDA:0,(anonymous_5)
DA:15,1
DA:17,1
DA:21,1
DA:23,1
DA:44,0
DA:46,0
DA:47,0
DA:48,0
DA:51,0
DA:55,9
DA:66,9
DA:71,9
DA:73,0
LF:13
LH:7
BRDA:27,0,0,0
BRDA:27,0,1,1
BRDA:34,1,0,0
BRDA:34,1,1,1
BRDA:35,2,0,0
BRDA:35,2,1,1
BRDA:46,3,0,0
BRDA:46,3,1,0
BRF:8
BRH:3
end_of_record
TN:
SF:/Users/ygutkina/WebstormProjects/128700-six-cities-2/src/components/city-map/city-map.jsx
FN:11,(anonymous_0)
FN:33,(anonymous_1)
FN:45,(anonymous_2)
FN:51,(anonymous_3)
FN:56,(anonymous_4)
FN:60,(anonymous_5)
FN:72,(anonymous_6)
FN:78,(anonymous_7)
FN:89,(anonymous_8)
FNF:9
FNH:2
FNDA:1,(anonymous_0)
FNDA:1,(anonymous_1)
FNDA:0,(anonymous_2)
FNDA:0,(anonymous_3)
FNDA:0,(anonymous_4)
FNDA:0,(anonymous_5)
FNDA:0,(anonymous_6)
FNDA:0,(anonymous_7)
FNDA:0,(anonymous_8)
DA:12,1
DA:14,1
DA:15,1
DA:16,1
DA:27,1
DA:28,1
DA:29,1
DA:30,1
DA:34,1
DA:36,1
DA:46,0
DA:47,0
DA:48,0
DA:52,0
DA:53,0
DA:57,0
DA:58,0
DA:60,0
DA:61,0
DA:65,0
DA:66,0
DA:73,0
DA:75,0
DA:79,0
DA:81,0
DA:90,0
DA:92,0
DA:93,0
DA:101,4
LF:29
LH:11
BRDA:65,0,0,0
BRDA:65,0,1,0
BRDA:65,1,0,0
BRDA:65,1,1,0
BRF:4
BRH:0
end_of_record
TN:
SF:/Users/ygutkina/WebstormProjects/128700-six-cities-2/src/components/favorites/favorites.jsx
FN:14,(anonymous_0)
FN:30,(anonymous_1)
FN:80,(anonymous_2)
FNF:3
FNH:2
FNDA:1,(anonymous_0)
FNDA:1,(anonymous_1)
FNDA:0,(anonymous_2)
DA:14,2
DA:15,1
DA:17,1
DA:30,1
DA:70,2
DA:80,2
LF:6
LH:6
BRDA:26,0,0,1
BRDA:26,0,1,0
BRF:2
BRH:1
end_of_record
TN:
SF:/Users/ygutkina/WebstormProjects/128700-six-cities-2/src/components/header/header.jsx
FN:9,(anonymous_0)
FN:55,(anonymous_1)
FNF:2
FNH:1
FNDA:1,(anonymous_0)
FNDA:0,(anonymous_1)
DA:9,6
DA:10,1
DA:12,1
DA:51,6
DA:55,6
LF:5
LH:5
BRDA:25,0,0,0
BRDA:25,0,1,1
BRDA:28,1,0,1
BRDA:28,1,1,1
BRDA:38,2,0,0
BRDA:38,2,1,1
BRF:6
BRH:4
end_of_record
TN:
SF:/Users/ygutkina/WebstormProjects/128700-six-cities-2/src/components/locations/locations.jsx
FN:11,(anonymous_0)
FN:17,(anonymous_1)
FN:26,(anonymous_2)
FN:44,(anonymous_3)
FN:48,(anonymous_4)
FN:49,(anonymous_5)
FNF:6
FNH:1
FNDA:1,(anonymous_0)
FNDA:0,(anonymous_1)
FNDA:0,(anonymous_2)
FNDA:0,(anonymous_3)
FNDA:0,(anonymous_4)
FNDA:0,(anonymous_5)
DA:11,3
DA:12,1
DA:14,1
DA:17,0
DA:27,0
DA:38,3
DA:44,3
DA:48,3
DA:50,0
LF:9
LH:6
BRF:0
BRH:0
end_of_record
TN:
SF:/Users/ygutkina/WebstormProjects/128700-six-cities-2/src/components/login/login.jsx
FN:11,(anonymous_0)
FN:70,(anonymous_1)
FNF:2
FNH:1
FNDA:1,(anonymous_0)
FNDA:0,(anonymous_1)
DA:11,2
DA:12,1
DA:13,1
DA:15,1
DA:64,2
DA:70,2
LF:6
LH:6
BRDA:13,0,0,1
BRDA:13,0,1,0
BRF:2
BRH:1
end_of_record
TN:
SF:/Users/ygutkina/WebstormProjects/128700-six-cities-2/src/components/main-page/main-page.jsx
FN:19,(anonymous_0)
FN:79,(anonymous_1)
FNF:2
FNH:1
FNDA:1,(anonymous_0)
FNDA:0,(anonymous_1)
DA:19,2
DA:20,1
DA:21,1
DA:23,1
DA:72,2
DA:79,2
LF:6
LH:6
BRDA:21,0,0,1
BRDA:21,0,1,0
BRDA:33,1,0,1
BRDA:33,1,1,0
BRF:4
BRH:2
end_of_record
TN:
SF:/Users/ygutkina/WebstormProjects/128700-six-cities-2/src/components/offer/offer.jsx
FN:27,(anonymous_0)
FN:31,(anonymous_1)
FN:41,(anonymous_2)
FN:93,(anonymous_3)
FN:164,(anonymous_4)
FN:180,(anonymous_5)
FN:187,(anonymous_6)
FN:188,(anonymous_7)
FNF:8
FNH:4
FNDA:1,(anonymous_0)
FNDA:1,(anonymous_1)
FNDA:2,(anonymous_2)
FNDA:6,(anonymous_3)
FNDA:0,(anonymous_4)
FNDA:0,(anonymous_5)
FNDA:0,(anonymous_6)
FNDA:0,(anonymous_7)
DA:24,2
DA:28,1
DA:32,1
DA:34,1
DA:42,2
DA:94,6
DA:165,0
DA:167,0
DA:171,2
DA:180,2
DA:187,2
DA:189,0
LF:12
LH:9
BRDA:32,0,0,0
BRDA:36,1,0,1
BRDA:36,1,1,1
BRDA:53,2,0,1
BRDA:53,2,1,0
BRDA:117,3,0,1
BRDA:117,3,1,1
BRDA:131,4,0,1
BRDA:131,4,1,0
BRF:9
BRH:6
end_of_record
TN:
SF:/Users/ygutkina/WebstormProjects/128700-six-cities-2/src/components/offer-card/offer-card.jsx
FN:12,(anonymous_0)
FN:16,(anonymous_1)
FN:17,(anonymous_2)
FN:21,(anonymous_3)
FN:24,(anonymous_4)
FNF:5
FNH:3
FNDA:3,(anonymous_0)
FNDA:3,(anonymous_1)
FNDA:0,(anonymous_2)
FNDA:1,(anonymous_3)
FNDA:0,(anonymous_4)
DA:13,3
DA:17,3
DA:19,3
DA:22,1
DA:25,0
DA:64,8
LF:6
LH:5
BRDA:17,0,0,0
BRDA:28,1,0,3
BRDA:28,1,1,0
BRF:3
BRH:1
end_of_record
TN:
SF:/Users/ygutkina/WebstormProjects/128700-six-cities-2/src/components/offers-list/offers-list.jsx
FN:11,(anonymous_0)
FN:15,(anonymous_1)
FN:16,(anonymous_2)
FN:19,(anonymous_3)
FN:27,(anonymous_4)
FN:34,(anonymous_5)
FN:35,(anonymous_6)
FN:52,(anonymous_7)
FN:53,(anonymous_8)
FNF:9
FNH:3
FNDA:1,(anonymous_0)
FNDA:1,(anonymous_1)
FNDA:0,(anonymous_2)
FNDA:9,(anonymous_3)
FNDA:0,(anonymous_4)
FNDA:0,(anonymous_5)
FNDA:0,(anonymous_6)
FNDA:0,(anonymous_7)
FNDA:0,(anonymous_8)
DA:12,1
DA:16,1
DA:18,1
DA:19,9
DA:28,0
DA:35,0
DA:37,0
DA:41,6
DA:52,6
DA:54,0
LF:10
LH:6
BRDA:16,0,0,1
BRDA:35,1,0,0
BRF:2
BRH:1
end_of_record
TN:
SF:/Users/ygutkina/WebstormProjects/128700-six-cities-2/src/components/rating/rating.jsx
FN:6,(anonymous_0)
FNF:1
FNH:1
FNDA:1,(anonymous_0)
DA:6,10
DA:7,1
DA:9,1
DA:20,10
LF:4
LH:4
BRDA:14,0,0,1
BRDA:14,0,1,0
BRF:2
BRH:1
end_of_record
TN:
SF:/Users/ygutkina/WebstormProjects/128700-six-cities-2/src/components/review/review.jsx
FN:7,(anonymous_0)
FNF:1
FNH:0
FNDA:0,(anonymous_0)
DA:7,3
DA:8,0
DA:10,0
DA:33,3
LF:4
LH:2
BRF:0
BRH:0
end_of_record
TN:
SF:/Users/ygutkina/WebstormProjects/128700-six-cities-2/src/components/review-form/review-form.jsx
FN:5,(anonymous_0)
FNF:1
FNH:0
FNDA:0,(anonymous_0)
DA:5,2
DA:6,0
DA:8,0
DA:64,2
LF:4
LH:2
BRF:0
BRH:0
end_of_record
TN:
SF:/Users/ygutkina/WebstormProjects/128700-six-cities-2/src/components/reviews-list/reviews-list.jsx
FN:8,(anonymous_0)
FN:12,(anonymous_1)
FNF:2
FNH:2
FNDA:1,(anonymous_0)
FNDA:3,(anonymous_1)
DA:8,3
DA:9,1
DA:11,1
DA:12,3
DA:19,3
LF:5
LH:5
BRF:0
BRH:0
end_of_record
TN:
SF:/Users/ygutkina/WebstormProjects/128700-six-cities-2/src/components/select/select.jsx
FN:5,(anonymous_0)
FN:8,(anonymous_1)
FN:18,(anonymous_2)
FNF:3
FNH:2
FNDA:1,(anonymous_0)
FNDA:0,(anonymous_1)
FNDA:2,(anonymous_2)
DA:5,4
DA:6,1
DA:8,1
DA:9,0
DA:12,1
DA:18,2
DA:28,4
LF:7
LH:6
BRF:0
BRH:0
end_of_record
TN:
SF:/Users/ygutkina/WebstormProjects/128700-six-cities-2/src/components/sorting/sorting.jsx
FN:16,(anonymous_0)
FN:19,(anonymous_1)
FN:39,(anonymous_2)
FN:43,(anonymous_3)
FN:44,(anonymous_4)
FNF:5
FNH:1
FNDA:1,(anonymous_0)
FNDA:0,(anonymous_1)
FNDA:0,(anonymous_2)
FNDA:0,(anonymous_3)
FNDA:0,(anonymous_4)
DA:9,3
DA:16,3
DA:17,1
DA:19,1
DA:20,0
DA:34,3
DA:39,3
DA:43,3
DA:45,0
LF:9
LH:7
BRF:0
BRH:0
end_of_record
TN:
SF:/Users/ygutkina/WebstormProjects/128700-six-cities-2/src/hocs/with-auth/with-auth.jsx
FN:9,(anonymous_0)
FN:11,(anonymous_1)
FN:15,(anonymous_2)
FN:28,(anonymous_3)
FNF:4
FNH:1
FNDA:1,(anonymous_0)
FNDA:0,(anonymous_1)
FNDA:0,(anonymous_2)
FNDA:0,(anonymous_3)
DA:9,1
DA:12,0
DA:16,0
DA:18,0
DA:24,1
DA:28,1
DA:32,1
LF:7
LH:4
BRDA:18,0,0,0
BRDA:18,0,1,0
BRF:2
BRH:0
end_of_record
TN:
SF:/Users/ygutkina/WebstormProjects/128700-six-cities-2/src/hocs/with-login-form-submit/with-login-form-submit.jsx
FN:8,(anonymous_0)
FN:10,(anonymous_1)
FN:18,(anonymous_2)
FN:26,(anonymous_3)
FN:36,(anonymous_4)
FN:49,(anonymous_5)
FN:51,(anonymous_6)
FN:52,(anonymous_7)
FNF:8
FNH:1
FNDA:1,(anonymous_0)
FNDA:0,(anonymous_1)
FNDA:0,(anonymous_2)
FNDA:0,(anonymous_3)
FNDA:0,(anonymous_4)
FNDA:0,(anonymous_5)
FNDA:0,(anonymous_6)
FNDA:0,(anonymous_7)
DA:8,1
DA:11,0
DA:13,0
DA:14,0
DA:15,0
DA:19,0
DA:27,0
DA:28,0
DA:29,0
DA:31,0
DA:37,0
DA:39,0
DA:40,0
DA:44,1
DA:49,1
DA:51,1
DA:53,0
DA:57,1
LF:18
LH:5
BRDA:28,0,0,0
BRDA:28,0,1,0
BRF:2
BRH:0
end_of_record
TN:
SF:/Users/ygutkina/WebstormProjects/128700-six-cities-2/src/hocs/with-review-form-submit/with-review-form-submit.jsx
FN:8,(anonymous_0)
FN:10,(anonymous_1)
FN:25,(anonymous_2)
FN:36,(anonymous_3)
FN:46,(anonymous_4)
FN:50,(anonymous_5)
FN:57,(anonymous_6)
FN:68,(anonymous_7)
FN:69,(anonymous_8)
FN:72,(anonymous_9)
FN:85,(anonymous_10)
FN:87,(anonymous_11)
FN:88,(anonymous_12)
FNF:13
FNH:1
FNDA:2,(anonymous_0)
FNDA:0,(anonymous_1)
FNDA:0,(anonymous_2)
FNDA:0,(anonymous_3)
FNDA:0,(anonymous_4)
FNDA:0,(anonymous_5)
FNDA:0,(anonymous_6)
FNDA:0,(anonymous_7)
FNDA:0,(anonymous_8)
FNDA:0,(anonymous_9)
FNDA:0,(anonymous_10)
FNDA:0,(anonymous_11)
FNDA:0,(anonymous_12)
DA:8,2
DA:11,0
DA:13,0
DA:19,0
DA:20,0
DA:21,0
DA:22,0
DA:26,0
DA:37,0
DA:38,0
DA:39,0
DA:41,0
DA:47,0
DA:51,0
DA:58,0
DA:59,0
DA:61,0
DA:63,0
DA:67,0
DA:68,0
DA:70,0
DA:73,0
DA:80,2
DA:85,2
DA:87,2
DA:89,0
DA:93,2
LF:27
LH:5
BRDA:30,0,0,0
BRDA:30,0,1,0
BRDA:38,1,0,0
BRDA:38,1,1,0
BRDA:47,2,0,0
BRDA:47,2,1,0
BRDA:47,2,2,0
BRF:7
BRH:0
end_of_record
TN:
SF:/Users/ygutkina/WebstormProjects/128700-six-cities-2/src/hocs/without-auth/without-auth.jsx
FN:9,(anonymous_0)
FN:11,(anonymous_1)
FN:15,(anonymous_2)
FN:28,(anonymous_3)
FNF:4
FNH:1
FNDA:1,(anonymous_0)
FNDA:0,(anonymous_1)
FNDA:0,(anonymous_2)
FNDA:0,(anonymous_3)
DA:9,1
DA:12,0
DA:16,0
DA:18,0
DA:24,1
DA:28,1
DA:32,1
LF:7
LH:4
BRDA:18,0,0,0
BRDA:18,0,1,0
BRF:2
BRH:0
end_of_record
TN:
SF:/Users/ygutkina/WebstormProjects/128700-six-cities-2/src/mocks/comments-data.js
FNF:0
FNH:0
DA:1,2
LF:1
LH:1
BRF:0
BRH:0
end_of_record
TN:
SF:/Users/ygutkina/WebstormProjects/128700-six-cities-2/src/mocks/offer-data.js
FNF:0
FNH:0
DA:1,8
LF:1
LH:1
BRF:0
BRH:0
end_of_record
TN:
SF:/Users/ygutkina/WebstormProjects/128700-six-cities-2/src/reducer/name-spaces.js
FNF:0
FNH:0
DA:1,15
LF:1
LH:1
BRF:0
BRH:0
end_of_record
TN:
SF:/Users/ygutkina/WebstormProjects/128700-six-cities-2/src/reducer/data/data.js
FN:22,(anonymous_0)
FN:26,(anonymous_1)
FN:30,(anonymous_2)
FN:34,(anonymous_3)
FN:42,(anonymous_4)
FN:46,(anonymous_5)
FN:50,(anonymous_6)
FN:54,(anonymous_7)
FN:58,(anonymous_8)
FN:64,(anonymous_9)
FN:99,(anonymous_10)
FN:100,(anonymous_11)
FN:103,(anonymous_12)
FN:104,(anonymous_13)
FN:119,(anonymous_14)
FN:119,(anonymous_15)
FN:121,(anonymous_16)
FN:125,(anonymous_17)
FN:125,(anonymous_18)
FN:127,(anonymous_19)
FN:131,(anonymous_20)
FN:131,(anonymous_21)
FN:136,(anonymous_22)
FN:146,(anonymous_23)
FN:146,(anonymous_24)
FN:148,(anonymous_25)
FN:152,(anonymous_26)
FN:152,(anonymous_27)
FN:154,(anonymous_28)
FN:157,(anonymous_29)
FN:163,(anonymous_30)
FN:178,(anonymous_31)
FN:181,(anonymous_32)
FNF:33
FNH:13
FNDA:1,(anonymous_0)
FNDA:1,(anonymous_1)
FNDA:1,(anonymous_2)
FNDA:0,(anonymous_3)
FNDA:0,(anonymous_4)
FNDA:0,(anonymous_5)
FNDA:0,(anonymous_6)
FNDA:0,(anonymous_7)
FNDA:0,(anonymous_8)
FNDA:2,(anonymous_9)
FNDA:2,(anonymous_10)
FNDA:2,(anonymous_11)
FNDA:0,(anonymous_12)
FNDA:0,(anonymous_13)
FNDA:1,(anonymous_14)
FNDA:1,(anonymous_15)
FNDA:1,(anonymous_16)
FNDA:1,(anonymous_17)
FNDA:1,(anonymous_18)
FNDA:1,(anonymous_19)
FNDA:0,(anonymous_20)
FNDA:0,(anonymous_21)
FNDA:0,(anonymous_22)
FNDA:0,(anonymous_23)
FNDA:0,(anonymous_24)
FNDA:0,(anonymous_25)
FNDA:0,(anonymous_26)
FNDA:0,(anonymous_27)
FNDA:0,(anonymous_28)
FNDA:0,(anonymous_29)
FNDA:2,(anonymous_30)
FNDA:0,(anonymous_31)
FNDA:0,(anonymous_32)
DA:1,13
DA:9,13
DA:21,13
DA:22,1
DA:26,1
DA:30,1
DA:35,0
DA:37,0
DA:42,0
DA:46,0
DA:50,0
DA:54,0
DA:58,0
DA:64,13
DA:99,13
DA:100,2
DA:103,13
DA:104,0
DA:118,13
DA:119,1
DA:120,1
DA:122,1
DA:125,1
DA:126,1
DA:128,1
DA:131,0
DA:132,0
DA:133,0
DA:135,0
DA:137,0
DA:139,0
DA:140,0
DA:142,0
DA:146,0
DA:147,0
DA:149,0
DA:152,0
DA:153,0
DA:155,0
DA:163,13
DA:164,2
DA:165,1
DA:168,0
DA:171,0
DA:174,0
DA:177,0
DA:178,0
DA:180,0
DA:181,0
DA:183,0
DA:186,0
DA:189,0
DA:196,1
LF:53
LH:21
BRDA:133,0,0,0
BRDA:133,0,1,0
BRDA:139,1,0,0
BRDA:139,1,1,0
BRDA:163,2,0,1
BRDA:164,3,0,1
BRDA:164,3,1,0
BRDA:164,3,2,0
BRDA:164,3,3,0
BRDA:164,3,4,0
BRDA:164,3,5,0
BRDA:164,3,6,0
BRDA:164,3,7,0
BRDA:164,3,8,0
BRDA:181,4,0,0
BRDA:181,4,1,0
BRF:16
BRH:2
end_of_record
TN:
SF:/Users/ygutkina/WebstormProjects/128700-six-cities-2/src/reducer/data/selectors.js
FN:7,(anonymous_0)
FN:10,(anonymous_1)
FN:13,(anonymous_2)
FN:18,(anonymous_3)
FN:19,(anonymous_4)
FN:20,(anonymous_5)
FN:26,(anonymous_6)
FN:29,(anonymous_7)
FN:30,(anonymous_8)
FN:32,(anonymous_9)
FN:36,(anonymous_10)
FN:37,(anonymous_11)
FN:42,(anonymous_12)
FN:44,(anonymous_13)
FN:46,(anonymous_14)
FN:48,(anonymous_15)
FN:52,(anonymous_16)
FN:53,(anonymous_17)
FN:56,(anonymous_18)
FN:60,(anonymous_19)
FN:62,(anonymous_20)
FN:64,(anonymous_21)
FN:70,(anonymous_22)
FNF:23
FNH:12
FNDA:2,(anonymous_0)
FNDA:7,(anonymous_1)
FNDA:1,(anonymous_2)
FNDA:3,(anonymous_3)
FNDA:0,(anonymous_4)
FNDA:0,(anonymous_5)
FNDA:2,(anonymous_6)
FNDA:12,(anonymous_7)
FNDA:5,(anonymous_8)
FNDA:16,(anonymous_9)
FNDA:1,(anonymous_10)
FNDA:3,(anonymous_11)
FNDA:0,(anonymous_12)
FNDA:0,(anonymous_13)
FNDA:0,(anonymous_14)
FNDA:0,(anonymous_15)
FNDA:1,(anonymous_16)
FNDA:1,(anonymous_17)
FNDA:0,(anonymous_18)
FNDA:0,(anonymous_19)
FNDA:0,(anonymous_20)
FNDA:0,(anonymous_21)
FNDA:0,(anonymous_22)
DA:5,13
DA:7,13
DA:8,2
DA:10,7
DA:13,13
DA:14,1
DA:15,1
DA:17,1
DA:18,3
DA:19,0
DA:20,0
DA:23,0
DA:26,13
DA:27,2
DA:29,12
DA:30,5
DA:32,16
DA:36,13
DA:37,3
DA:39,1
DA:42,13
DA:43,0
DA:44,0
DA:46,0
DA:48,0
DA:52,13
DA:53,1
DA:56,13
DA:57,0
DA:60,13
DA:62,13
DA:64,13
DA:65,0
DA:67,0
DA:70,13
LF:35
LH:25
BRDA:17,0,0,1
BRDA:17,0,1,0
BRDA:17,0,2,0
BRF:3
BRH:1
end_of_record
TN:
SF:/Users/ygutkina/WebstormProjects/128700-six-cities-2/src/reducer/user/selectors.js
FN:7,(anonymous_0)
FNF:1
FNH:1
FNDA:1,(anonymous_0)
DA:5,12
DA:7,12
DA:8,1
LF:3
LH:3
BRF:0
BRH:0
end_of_record
TN:
SF:/Users/ygutkina/WebstormProjects/128700-six-cities-2/src/reducer/user/user.js
FN:13,(anonymous_0)
FN:19,(anonymous_1)
FN:30,(anonymous_2)
FN:30,(anonymous_3)
FN:35,(anonymous_4)
FN:38,(anonymous_5)
FN:45,(anonymous_6)
FNF:7
FNH:2
FNDA:1,(anonymous_0)
FNDA:0,(anonymous_1)
FNDA:0,(anonymous_2)
FNDA:0,(anonymous_3)
FNDA:0,(anonymous_4)
FNDA:0,(anonymous_5)
FNDA:2,(anonymous_6)
DA:4,2
DA:8,2
DA:12,2
DA:13,1
DA:19,2
DA:20,0
DA:29,2
DA:30,0
DA:31,0
DA:32,0
DA:34,0
DA:36,0
DA:39,0
DA:45,2
DA:46,2
DA:48,1
DA:53,1
LF:17
LH:10
BRDA:31,0,0,0
BRDA:31,0,1,0
BRDA:31,1,0,0
BRDA:31,1,1,0
BRDA:45,2,0,1
BRDA:46,3,0,1
BRF:6
BRH:2
end_of_record
TN:
SF:/Users/ygutkina/WebstormProjects/128700-six-cities-2/src/types/types.js
FNF:0
FNH:0
DA:3,13
LF:1
LH:1
BRF:0
BRH:0
end_of_record
